commit 4b7241f995a979e78db0f2724f67f9686985e424
Author: Chris Ziyi Yao <chris.yao20@imperial.ac.uk>
Date:   Tue Mar 14 11:10:46 2023 +0000

    BLAS version of f evaluations

M	draft.cpp
M	output.txt

commit 520b75203ed49d050abf715cc3e26b78023a390d
Author: Chris Ziyi Yao <cy620@typhoon.ae.ic.ac.uk>
Date:   Mon Mar 13 18:26:34 2023 +0000

    All working now. dt = 0.1s works for all

M	draft.cpp
M	output.txt

commit 0b91ab806a96a526a142fb444527974ab8360e84
Author: Chris Ziyi Yao <cy620@typhoon.ae.ic.ac.uk>
Date:   Mon Mar 13 18:14:10 2023 +0000

    Fixed the wrong fast propagation in x-direction

M	draft.cpp
M	output.txt

commit 4ba2350371242786ae617d49eee43a6eb2a20e0c
Author: Chris Ziyi Yao <cy620@typhoon.ae.ic.ac.uk>
Date:   Mon Mar 13 00:48:40 2023 +0000

    Fixed typo for test case 4

M	draft.cpp
M	output.txt

commit 7c75e07d7dc18732263cf16faf1ccdc4a2119ab0
Author: Chris Ziyi Yao <cy620@typhoon.ae.ic.ac.uk>
Date:   Sun Mar 12 15:25:43 2023 +0000

    Nested Loop Workinggit status!

M	draft.cpp
M	output.txt
M	repository.log

commit 2064e61c8bdd0cd65ab109ec97cebfa3475bb956
Author: Chris Ziyi Yao <cy620@typhoon.ae.ic.ac.uk>
Date:   Sun Mar 12 13:56:05 2023 +0000

    Write to txt; Next step: check spatial discretisations

M	draft.cpp
M	output.txt

commit 410ad5985641aa893234936d2e64d557cbafd470
Author: Chris Ziyi Yao <cy620@typhoon.ae.ic.ac.uk>
Date:   Sat Mar 11 20:51:35 2023 +0000

    Changes for  new assignment document

M	draft.cpp
A	output.txt

commit 63c5c3907f0136ba8595535b372d45989e089936
Author: Chris Ziyi Yao <cy620@spitfire.ae.ic.ac.uk>
Date:   Sat Mar 11 14:58:42 2023 +0000

    Added periodic BC in y-dir

M	draft.cpp

commit 309062b5d9db41705400ff467020c45cd747d7da
Author: Chris Ziyi Yao <cy620@spitfire.ae.ic.ac.uk>
Date:   Fri Mar 10 23:42:21 2023 +0000

    Updated Periodic BC in x-dir

M	draft.cpp
M	repository.log

commit f96ffe49b1b4951fd0c3b0bb4d4d325ec21d29e1
Author: Chris Ziyi Yao <cy620@spitfire.ae.ic.ac.uk>
Date:   Fri Mar 10 22:52:30 2023 +0000

    Wrong staged file, Removed the executable draft

D	draft
M	draft.cpp

commit 9f0a9ebaa35ce2875f779c9352981e19ba813516
Author: Chris Ziyi Yao <cy620@spitfire.ae.ic.ac.uk>
Date:   Fri Mar 10 22:50:05 2023 +0000

    Implemented Time Integrations and generated repository log

A	draft
A	repository.log

commit 4fa17b082c97aac103d53635c728512064275303
Author: Chris Ziyi Yao <cy620@spitfire.ae.ic.ac.uk>
Date:   Fri Mar 10 17:43:16 2023 +0000

    Nested loop to evaluate f

M	draft.cpp

commit 931d7298228df954026538fe6579ad4c5e6053af
Author: Chris Ziyi Yao <cy620@spitfire.ae.ic.ac.uk>
Date:   Tue Mar 7 09:25:01 2023 +0000

    Coded SetInitialConditions

M	ShallowWater.cpp
M	ShallowWater.h
A	draft.cpp
D	main.cpp

commit 1d822b7460dd282b60573c30adc243548f92d70e
Author: Chris Ziyi Yao <cy620@spitfire.ae.ic.ac.uk>
Date:   Sun Feb 26 19:15:34 2023 +0000

    Implemented reading parameters from the command line

A	ShallowWater.cpp
A	ShallowWater.h
A	main.cpp
