commit de98beb40abea752e20b2d3a98f89a00f5e0b168
Author: Chris Ziyi Yao <chris.yao20@imperial.ac.uk>
Date:   Tue Apr 4 01:34:54 2023 +0800

    Formatted Final Version

M	Comm.cpp
M	ShallowWater.cpp

commit d311181b34d6593dc10ab779c3cfb2945418d1cc
Author: Chris Ziyi Yao <chris.yao20@imperial.ac.uk>
Date:   Mon Apr 3 09:25:26 2023 +0100

    Final Version

M	CMakeLists.txt
M	ShallowWater.cpp

commit 4b0896ff7ae98610ccf7c13e908afb7ffc6f5927
Author: Chris Ziyi Yao <chris.yao20@imperial.ac.uk>
Date:   Mon Apr 3 07:07:08 2023 +0100

    CMake

A	CMakeLists.txt

commit 79744682e81325fdef843e22b5c77af914799ab7
Author: Chris Ziyi Yao <chris.yao20@imperial.ac.uk>
Date:   Mon Apr 3 07:05:40 2023 +0100

    CMakeLists but it seems that output file not updated

M	ShallowWater.cpp

commit 0857f9388350149cee85320ea08797dc9a111b3c
Author: Chris Ziyi Yao <chris.yao20@imperial.ac.uk>
Date:   Sun Apr 2 17:28:32 2023 +0800

    Version without BLAS OpenMP

M	ShallowWater.cpp

commit 27ad6fd98262e6d1621beb11bc9454487199a752
Author: Chris Ziyi Yao <chris.yao20@imperial.ac.uk>
Date:   Sun Apr 2 17:00:26 2023 +0800

    Slow OpenMP BLAS

M	Comm.cpp
M	ShallowWater.cpp
M	ShallowWater.h

commit 4031459737cd74b9af66d014dacdb1a166151811
Author: Chris Ziyi Yao <chris.yao20@imperial.ac.uk>
Date:   Sun Apr 2 08:31:16 2023 +0100

    Added test.10.er profile for inline function

A	test.10.er/_f1.er/data.frameinfo
A	test.10.er/_f1.er/dyntext
A	test.10.er/_f1.er/jclasses
A	test.10.er/_f1.er/log.xml
A	test.10.er/_f1.er/map.xml
A	test.10.er/_f1.er/overview
A	test.10.er/_f1.er/profile
A	test.10.er/_x1.er/data.frameinfo
A	test.10.er/_x1.er/dyntext
A	test.10.er/_x1.er/er_archive.log
A	test.10.er/_x1.er/jclasses
A	test.10.er/_x1.er/log.xml
A	test.10.er/_x1.er/map.xml
A	test.10.er/_x1.er/overview
A	test.10.er/_x1.er/profile
A	test.10.er/archives/hwloc_gl.so_IicRzkXVc9a
A	test.10.er/archives/hwloc_opencl.so_IicRzkXVc9a
A	test.10.er/archives/hwloc_pci.so_IicRzkXVc9a
A	test.10.er/archives/hwloc_xml_libxml.so_IicRzkXVc9a
A	test.10.er/archives/ld-2.31.so_dnWuQRcLhw9
A	test.10.er/archives/libOpenCL.so.1.0.0_dnWuQRcLhw9
A	test.10.er/archives/libX11.so.6.4.0_dnWuQRcLhw9
A	test.10.er/archives/libXNVCtrl.so.0.0.0_dnWuQRcLhw9
A	test.10.er/archives/libXau.so.6.0.0_dnWuQRcLhw9
A	test.10.er/archives/libXdmcp.so.6.0.0_dnWuQRcLhw9
A	test.10.er/archives/libXext.so.6.4.0_dnWuQRcLhw9
A	test.10.er/archives/libblas.so.3.9.0_1eKUsC07yK7
A	test.10.er/archives/libboost_program_options.so.1.74.0_dnWuQRcLhw9
A	test.10.er/archives/libbsd.so.0.11.3_dnWuQRcLhw9
A	test.10.er/archives/libc-2.31.so_dnWuQRcLhw9
A	test.10.er/archives/libcollector.so_kN_xj2QRtH5
A	test.10.er/archives/libcuda.so.470.57.02_dnWuQRcLhw9
A	test.10.er/archives/libdl-2.31.so_dnWuQRcLhw9
A	test.10.er/archives/libefa.so.1.1.33.2_dnWuQRcLhw9
A	test.10.er/archives/libevent_core-2.1.so.7.0.1_dnWuQRcLhw9
A	test.10.er/archives/libevent_pthreads-2.1.so.7.0.1_dnWuQRcLhw9
A	test.10.er/archives/libfabric.so.1.14.0_dnWuQRcLhw9
A	test.10.er/archives/libgcc_s.so.1_dnWuQRcLhw9
A	test.10.er/archives/libgomp.so.1.0.0_dnWuQRcLhw9
A	test.10.er/archives/libhwloc.so.15.4.1_dnWuQRcLhw9
A	test.10.er/archives/libibverbs.so.1.11.33.2_dnWuQRcLhw9
A	test.10.er/archives/libicudata.so.67.1_dnWuQRcLhw9
A	test.10.er/archives/libicuuc.so.67.1_dnWuQRcLhw9
A	test.10.er/archives/libinfinipath.so.4.0_dnWuQRcLhw9
A	test.10.er/archives/liblzma.so.5.2.5_dnWuQRcLhw9
A	test.10.er/archives/libm-2.31.so_dnWuQRcLhw9
A	test.10.er/archives/libmca_common_dstore.so.1.0.3_c7fl0BttU88
A	test.10.er/archives/libmca_common_monitoring.so.50.20.0_dnWuQRcLhw9
A	test.10.er/archives/libmca_common_ofi.so.10.0.0_dnWuQRcLhw9
A	test.10.er/archives/libmca_common_sm.so.40.30.0_dnWuQRcLhw9
A	test.10.er/archives/libmd.so.0.0.4_dnWuQRcLhw9
A	test.10.er/archives/libmpi.so.40.30.0_dnWuQRcLhw9
A	test.10.er/archives/libmpi_cxx.so.40.30.0_dnWuQRcLhw9
A	test.10.er/archives/libnl-3.so.200.26.0_dnWuQRcLhw9
A	test.10.er/archives/libnl-route-3.so.200.26.0_dnWuQRcLhw9
A	test.10.er/archives/libnuma.so.1.0.0_dnWuQRcLhw9
A	test.10.er/archives/libnvidia-opencl.so.470.57.02_dnWuQRcLhw9
A	test.10.er/archives/libopen-pal.so.40.30.0_dnWuQRcLhw9
A	test.10.er/archives/libopen-rte.so.40.30.0_dnWuQRcLhw9
A	test.10.er/archives/libpciaccess.so.0.11.1_dnWuQRcLhw9
A	test.10.er/archives/libpmix.so.2.3.0_c7fl0BttU88
A	test.10.er/archives/libpsm2.so.2.2_dnWuQRcLhw9
A	test.10.er/archives/libpsm_infinipath.so.1.16_LW6XUxGbv93
A	test.10.er/archives/libpthread-2.31.so_dnWuQRcLhw9
A	test.10.er/archives/librdmacm.so.1.3.33.2_dnWuQRcLhw9
A	test.10.er/archives/librt-2.31.so_dnWuQRcLhw9
A	test.10.er/archives/libstdc++.so.6.0.28_dnWuQRcLhw9
A	test.10.er/archives/libudev.so.1.7.0_dnWuQRcLhw9
A	test.10.er/archives/libutil-2.31.so_dnWuQRcLhw9
A	test.10.er/archives/libuuid.so.1.3.0_dnWuQRcLhw9
A	test.10.er/archives/libxcb.so.1.1.0_dnWuQRcLhw9
A	test.10.er/archives/libxml2.so.2.9.10_dnWuQRcLhw9
A	test.10.er/archives/libz.so.1.2.11_dnWuQRcLhw9
A	test.10.er/archives/main_Au3fMPV85Vf
A	test.10.er/archives/mca_allocator_basic.so_1fcNkoDIWK0
A	test.10.er/archives/mca_allocator_bucket.so_1fcNkoDIWK0
A	test.10.er/archives/mca_bfrops_v12.so_dU1net7nSj5
A	test.10.er/archives/mca_bfrops_v20.so_dU1net7nSj5
A	test.10.er/archives/mca_bfrops_v21.so_dU1net7nSj5
A	test.10.er/archives/mca_bfrops_v3.so_dU1net7nSj5
A	test.10.er/archives/mca_bfrops_v4.so_dU1net7nSj5
A	test.10.er/archives/mca_bml_r2.so_1fcNkoDIWK0
A	test.10.er/archives/mca_btl_self.so_1fcNkoDIWK0
A	test.10.er/archives/mca_btl_sm.so_1fcNkoDIWK0
A	test.10.er/archives/mca_btl_tcp.so_1fcNkoDIWK0
A	test.10.er/archives/mca_btl_vader.so_1fcNkoDIWK0
A	test.10.er/archives/mca_coll_adapt.so_1fcNkoDIWK0
A	test.10.er/archives/mca_coll_basic.so_1fcNkoDIWK0
A	test.10.er/archives/mca_coll_han.so_1fcNkoDIWK0
A	test.10.er/archives/mca_coll_inter.so_1fcNkoDIWK0
A	test.10.er/archives/mca_coll_libnbc.so_1fcNkoDIWK0
A	test.10.er/archives/mca_coll_monitoring.so_1fcNkoDIWK0
A	test.10.er/archives/mca_coll_self.so_1fcNkoDIWK0
A	test.10.er/archives/mca_coll_sm.so_1fcNkoDIWK0
A	test.10.er/archives/mca_coll_sync.so_1fcNkoDIWK0
A	test.10.er/archives/mca_coll_tuned.so_1fcNkoDIWK0
A	test.10.er/archives/mca_errmgr_default_app.so_1fcNkoDIWK0
A	test.10.er/archives/mca_errmgr_default_hnp.so_1fcNkoDIWK0
A	test.10.er/archives/mca_errmgr_default_orted.so_1fcNkoDIWK0
A	test.10.er/archives/mca_errmgr_default_tool.so_1fcNkoDIWK0
A	test.10.er/archives/mca_ess_env.so_1fcNkoDIWK0
A	test.10.er/archives/mca_ess_hnp.so_1fcNkoDIWK0
A	test.10.er/archives/mca_ess_pmi.so_1fcNkoDIWK0
A	test.10.er/archives/mca_ess_singleton.so_1fcNkoDIWK0
A	test.10.er/archives/mca_ess_slurm.so_1fcNkoDIWK0
A	test.10.er/archives/mca_ess_tool.so_1fcNkoDIWK0
A	test.10.er/archives/mca_filem_raw.so_1fcNkoDIWK0
A	test.10.er/archives/mca_gds_ds12.so_dU1net7nSj5
A	test.10.er/archives/mca_gds_ds21.so_dU1net7nSj5
A	test.10.er/archives/mca_gds_hash.so_dU1net7nSj5
A	test.10.er/archives/mca_grpcomm_direct.so_1fcNkoDIWK0
A	test.10.er/archives/mca_iof_hnp.so_1fcNkoDIWK0
A	test.10.er/archives/mca_iof_orted.so_1fcNkoDIWK0
A	test.10.er/archives/mca_iof_tool.so_1fcNkoDIWK0
A	test.10.er/archives/mca_mpool_hugepage.so_1fcNkoDIWK0
A	test.10.er/archives/mca_mtl_ofi.so_1fcNkoDIWK0
A	test.10.er/archives/mca_mtl_psm.so_1fcNkoDIWK0
A	test.10.er/archives/mca_mtl_psm2.so_1fcNkoDIWK0
A	test.10.er/archives/mca_odls_default.so_1fcNkoDIWK0
A	test.10.er/archives/mca_odls_pspawn.so_1fcNkoDIWK0
A	test.10.er/archives/mca_oob_tcp.so_1fcNkoDIWK0
A	test.10.er/archives/mca_op_avx.so_1fcNkoDIWK0
A	test.10.er/archives/mca_osc_monitoring.so_1fcNkoDIWK0
A	test.10.er/archives/mca_osc_rdma.so_1fcNkoDIWK0
A	test.10.er/archives/mca_osc_sm.so_1fcNkoDIWK0
A	test.10.er/archives/mca_pcompress_zlib.so_dU1net7nSj5
A	test.10.er/archives/mca_plm_isolated.so_1fcNkoDIWK0
A	test.10.er/archives/mca_plm_rsh.so_1fcNkoDIWK0
A	test.10.er/archives/mca_plm_slurm.so_1fcNkoDIWK0
A	test.10.er/archives/mca_ploc_hwloc.so_dU1net7nSj5
A	test.10.er/archives/mca_plog_default.so_dU1net7nSj5
A	test.10.er/archives/mca_plog_stdfd.so_dU1net7nSj5
A	test.10.er/archives/mca_plog_syslog.so_dU1net7nSj5
A	test.10.er/archives/mca_pmdl_ompi4.so_dU1net7nSj5
A	test.10.er/archives/mca_pmdl_ompi5.so_dU1net7nSj5
A	test.10.er/archives/mca_pmdl_oshmem.so_dU1net7nSj5
A	test.10.er/archives/mca_pmix_ext3x.so_1fcNkoDIWK0
A	test.10.er/archives/mca_pmix_flux.so_1fcNkoDIWK0
A	test.10.er/archives/mca_pml_cm.so_1fcNkoDIWK0
A	test.10.er/archives/mca_pml_monitoring.so_1fcNkoDIWK0
A	test.10.er/archives/mca_pml_ob1.so_1fcNkoDIWK0
A	test.10.er/archives/mca_preg_compress.so_dU1net7nSj5
A	test.10.er/archives/mca_preg_native.so_dU1net7nSj5
A	test.10.er/archives/mca_preg_raw.so_dU1net7nSj5
A	test.10.er/archives/mca_psec_native.so_dU1net7nSj5
A	test.10.er/archives/mca_psec_none.so_dU1net7nSj5
A	test.10.er/archives/mca_psensor_file.so_dU1net7nSj5
A	test.10.er/archives/mca_psensor_heartbeat.so_dU1net7nSj5
A	test.10.er/archives/mca_pshmem_mmap.so_dU1net7nSj5
A	test.10.er/archives/mca_psquash_flex128.so_dU1net7nSj5
A	test.10.er/archives/mca_psquash_native.so_dU1net7nSj5
A	test.10.er/archives/mca_pstat_linux.so_1fcNkoDIWK0
A	test.10.er/archives/mca_ptl_client.so_dU1net7nSj5
A	test.10.er/archives/mca_ptl_server.so_dU1net7nSj5
A	test.10.er/archives/mca_ptl_tool.so_dU1net7nSj5
A	test.10.er/archives/mca_ras_gridengine.so_1fcNkoDIWK0
A	test.10.er/archives/mca_ras_simulator.so_1fcNkoDIWK0
A	test.10.er/archives/mca_ras_slurm.so_1fcNkoDIWK0
A	test.10.er/archives/mca_rcache_grdma.so_1fcNkoDIWK0
A	test.10.er/archives/mca_reachable_netlink.so_1fcNkoDIWK0
A	test.10.er/archives/mca_reachable_weighted.so_1fcNkoDIWK0
A	test.10.er/archives/mca_regx_fwd.so_1fcNkoDIWK0
A	test.10.er/archives/mca_regx_naive.so_1fcNkoDIWK0
A	test.10.er/archives/mca_regx_reverse.so_1fcNkoDIWK0
A	test.10.er/archives/mca_rmaps_mindist.so_1fcNkoDIWK0
A	test.10.er/archives/mca_rmaps_ppr.so_1fcNkoDIWK0
A	test.10.er/archives/mca_rmaps_rank_file.so_1fcNkoDIWK0
A	test.10.er/archives/mca_rmaps_resilient.so_1fcNkoDIWK0
A	test.10.er/archives/mca_rmaps_round_robin.so_1fcNkoDIWK0
A	test.10.er/archives/mca_rmaps_seq.so_1fcNkoDIWK0
A	test.10.er/archives/mca_rml_oob.so_1fcNkoDIWK0
A	test.10.er/archives/mca_routed_binomial.so_1fcNkoDIWK0
A	test.10.er/archives/mca_routed_direct.so_1fcNkoDIWK0
A	test.10.er/archives/mca_routed_radix.so_1fcNkoDIWK0
A	test.10.er/archives/mca_rtc_hwloc.so_1fcNkoDIWK0
A	test.10.er/archives/mca_schizo_flux.so_1fcNkoDIWK0
A	test.10.er/archives/mca_schizo_jsm.so_1fcNkoDIWK0
A	test.10.er/archives/mca_schizo_ompi.so_1fcNkoDIWK0
A	test.10.er/archives/mca_schizo_orte.so_1fcNkoDIWK0
A	test.10.er/archives/mca_schizo_slurm.so_1fcNkoDIWK0
A	test.10.er/archives/mca_shmem_mmap.so_1fcNkoDIWK0
A	test.10.er/archives/mca_shmem_posix.so_1fcNkoDIWK0
A	test.10.er/archives/mca_shmem_sysv.so_1fcNkoDIWK0
A	test.10.er/archives/mca_state_app.so_1fcNkoDIWK0
A	test.10.er/archives/mca_state_hnp.so_1fcNkoDIWK0
A	test.10.er/archives/mca_state_novm.so_1fcNkoDIWK0
A	test.10.er/archives/mca_state_orted.so_1fcNkoDIWK0
A	test.10.er/archives/mca_state_tool.so_1fcNkoDIWK0
A	test.10.er/archives/mca_vprotocol_pessimist.so_1fcNkoDIWK0
A	test.10.er/archives/orterun_UHyILZt997d
A	test.10.er/data.frameinfo
A	test.10.er/dyntext
A	test.10.er/er_archive.log
A	test.10.er/jclasses
A	test.10.er/log.xml
A	test.10.er/map.xml
A	test.10.er/overview
A	test.10.er/profile

commit 5e2c1c9dae972523270435b597b5e0dfaf3a2132
Author: Chris Ziyi Yao <chris.yao20@imperial.ac.uk>
Date:   Sun Apr 2 15:23:51 2023 +0800

    inline function for loop

M	ShallowWater.cpp
M	ShallowWater.h

commit 4d0e0bac269ad697a9c0ede8cc1b35200b45cf80
Author: Chris Ziyi Yao <chris.yao20@imperial.ac.uk>
Date:   Sun Apr 2 14:46:11 2023 +0800

    loop: collapse(2)

M	ShallowWater.cpp

commit e46ae51f265816da4345e59b106c053d82998861
Author: Chris Ziyi Yao <chris.yao20@imperial.ac.uk>
Date:   Sun Apr 2 03:18:57 2023 +0100

    Test profile for removing the modulus operation for for loop

A	test.9.er/_f1.er/data.frameinfo
A	test.9.er/_f1.er/dyntext
A	test.9.er/_f1.er/jclasses
A	test.9.er/_f1.er/log.xml
A	test.9.er/_f1.er/map.xml
A	test.9.er/_f1.er/overview
A	test.9.er/_f1.er/profile
A	test.9.er/_x1.er/data.frameinfo
A	test.9.er/_x1.er/dyntext
A	test.9.er/_x1.er/er_archive.log
A	test.9.er/_x1.er/jclasses
A	test.9.er/_x1.er/log.xml
A	test.9.er/_x1.er/map.xml
A	test.9.er/_x1.er/overview
A	test.9.er/_x1.er/profile
A	test.9.er/archives/hwloc_gl.so_IicRzkXVc9a
A	test.9.er/archives/hwloc_opencl.so_IicRzkXVc9a
A	test.9.er/archives/hwloc_pci.so_IicRzkXVc9a
A	test.9.er/archives/hwloc_xml_libxml.so_IicRzkXVc9a
A	test.9.er/archives/ld-2.31.so_dnWuQRcLhw9
A	test.9.er/archives/libOpenCL.so.1.0.0_dnWuQRcLhw9
A	test.9.er/archives/libX11.so.6.4.0_dnWuQRcLhw9
A	test.9.er/archives/libXNVCtrl.so.0.0.0_dnWuQRcLhw9
A	test.9.er/archives/libXau.so.6.0.0_dnWuQRcLhw9
A	test.9.er/archives/libXdmcp.so.6.0.0_dnWuQRcLhw9
A	test.9.er/archives/libXext.so.6.4.0_dnWuQRcLhw9
A	test.9.er/archives/libblas.so.3.9.0_1eKUsC07yK7
A	test.9.er/archives/libboost_program_options.so.1.74.0_dnWuQRcLhw9
A	test.9.er/archives/libbsd.so.0.11.3_dnWuQRcLhw9
A	test.9.er/archives/libc-2.31.so_dnWuQRcLhw9
A	test.9.er/archives/libcollector.so_kN_xj2QRtH5
A	test.9.er/archives/libcuda.so.470.57.02_dnWuQRcLhw9
A	test.9.er/archives/libdl-2.31.so_dnWuQRcLhw9
A	test.9.er/archives/libefa.so.1.1.33.2_dnWuQRcLhw9
A	test.9.er/archives/libevent_core-2.1.so.7.0.1_dnWuQRcLhw9
A	test.9.er/archives/libevent_pthreads-2.1.so.7.0.1_dnWuQRcLhw9
A	test.9.er/archives/libfabric.so.1.14.0_dnWuQRcLhw9
A	test.9.er/archives/libgcc_s.so.1_dnWuQRcLhw9
A	test.9.er/archives/libhwloc.so.15.4.1_dnWuQRcLhw9
A	test.9.er/archives/libibverbs.so.1.11.33.2_dnWuQRcLhw9
A	test.9.er/archives/libicudata.so.67.1_dnWuQRcLhw9
A	test.9.er/archives/libicuuc.so.67.1_dnWuQRcLhw9
A	test.9.er/archives/libinfinipath.so.4.0_dnWuQRcLhw9
A	test.9.er/archives/liblzma.so.5.2.5_dnWuQRcLhw9
A	test.9.er/archives/libm-2.31.so_dnWuQRcLhw9
A	test.9.er/archives/libmca_common_dstore.so.1.0.3_c7fl0BttU88
A	test.9.er/archives/libmca_common_monitoring.so.50.20.0_dnWuQRcLhw9
A	test.9.er/archives/libmca_common_ofi.so.10.0.0_dnWuQRcLhw9
A	test.9.er/archives/libmca_common_sm.so.40.30.0_dnWuQRcLhw9
A	test.9.er/archives/libmd.so.0.0.4_dnWuQRcLhw9
A	test.9.er/archives/libmpi.so.40.30.0_dnWuQRcLhw9
A	test.9.er/archives/libmpi_cxx.so.40.30.0_dnWuQRcLhw9
A	test.9.er/archives/libnl-3.so.200.26.0_dnWuQRcLhw9
A	test.9.er/archives/libnl-route-3.so.200.26.0_dnWuQRcLhw9
A	test.9.er/archives/libnuma.so.1.0.0_dnWuQRcLhw9
A	test.9.er/archives/libnvidia-opencl.so.470.57.02_dnWuQRcLhw9
A	test.9.er/archives/libopen-pal.so.40.30.0_dnWuQRcLhw9
A	test.9.er/archives/libopen-rte.so.40.30.0_dnWuQRcLhw9
A	test.9.er/archives/libpciaccess.so.0.11.1_dnWuQRcLhw9
A	test.9.er/archives/libpmix.so.2.3.0_c7fl0BttU88
A	test.9.er/archives/libpsm2.so.2.2_dnWuQRcLhw9
A	test.9.er/archives/libpsm_infinipath.so.1.16_LW6XUxGbv93
A	test.9.er/archives/libpthread-2.31.so_dnWuQRcLhw9
A	test.9.er/archives/librdmacm.so.1.3.33.2_dnWuQRcLhw9
A	test.9.er/archives/librt-2.31.so_dnWuQRcLhw9
A	test.9.er/archives/libstdc++.so.6.0.28_dnWuQRcLhw9
A	test.9.er/archives/libudev.so.1.7.0_dnWuQRcLhw9
A	test.9.er/archives/libutil-2.31.so_dnWuQRcLhw9
A	test.9.er/archives/libuuid.so.1.3.0_dnWuQRcLhw9
A	test.9.er/archives/libxcb.so.1.1.0_dnWuQRcLhw9
A	test.9.er/archives/libxml2.so.2.9.10_dnWuQRcLhw9
A	test.9.er/archives/libz.so.1.2.11_dnWuQRcLhw9
A	test.9.er/archives/main_Au3fMPV85Vf
A	test.9.er/archives/mca_allocator_basic.so_1fcNkoDIWK0
A	test.9.er/archives/mca_allocator_bucket.so_1fcNkoDIWK0
A	test.9.er/archives/mca_bfrops_v12.so_dU1net7nSj5
A	test.9.er/archives/mca_bfrops_v20.so_dU1net7nSj5
A	test.9.er/archives/mca_bfrops_v21.so_dU1net7nSj5
A	test.9.er/archives/mca_bfrops_v3.so_dU1net7nSj5
A	test.9.er/archives/mca_bfrops_v4.so_dU1net7nSj5
A	test.9.er/archives/mca_bml_r2.so_1fcNkoDIWK0
A	test.9.er/archives/mca_btl_self.so_1fcNkoDIWK0
A	test.9.er/archives/mca_btl_sm.so_1fcNkoDIWK0
A	test.9.er/archives/mca_btl_tcp.so_1fcNkoDIWK0
A	test.9.er/archives/mca_btl_vader.so_1fcNkoDIWK0
A	test.9.er/archives/mca_coll_adapt.so_1fcNkoDIWK0
A	test.9.er/archives/mca_coll_basic.so_1fcNkoDIWK0
A	test.9.er/archives/mca_coll_han.so_1fcNkoDIWK0
A	test.9.er/archives/mca_coll_inter.so_1fcNkoDIWK0
A	test.9.er/archives/mca_coll_libnbc.so_1fcNkoDIWK0
A	test.9.er/archives/mca_coll_monitoring.so_1fcNkoDIWK0
A	test.9.er/archives/mca_coll_self.so_1fcNkoDIWK0
A	test.9.er/archives/mca_coll_sm.so_1fcNkoDIWK0
A	test.9.er/archives/mca_coll_sync.so_1fcNkoDIWK0
A	test.9.er/archives/mca_coll_tuned.so_1fcNkoDIWK0
A	test.9.er/archives/mca_errmgr_default_app.so_1fcNkoDIWK0
A	test.9.er/archives/mca_errmgr_default_hnp.so_1fcNkoDIWK0
A	test.9.er/archives/mca_errmgr_default_orted.so_1fcNkoDIWK0
A	test.9.er/archives/mca_errmgr_default_tool.so_1fcNkoDIWK0
A	test.9.er/archives/mca_ess_env.so_1fcNkoDIWK0
A	test.9.er/archives/mca_ess_hnp.so_1fcNkoDIWK0
A	test.9.er/archives/mca_ess_pmi.so_1fcNkoDIWK0
A	test.9.er/archives/mca_ess_singleton.so_1fcNkoDIWK0
A	test.9.er/archives/mca_ess_slurm.so_1fcNkoDIWK0
A	test.9.er/archives/mca_ess_tool.so_1fcNkoDIWK0
A	test.9.er/archives/mca_filem_raw.so_1fcNkoDIWK0
A	test.9.er/archives/mca_gds_ds12.so_dU1net7nSj5
A	test.9.er/archives/mca_gds_ds21.so_dU1net7nSj5
A	test.9.er/archives/mca_gds_hash.so_dU1net7nSj5
A	test.9.er/archives/mca_grpcomm_direct.so_1fcNkoDIWK0
A	test.9.er/archives/mca_iof_hnp.so_1fcNkoDIWK0
A	test.9.er/archives/mca_iof_orted.so_1fcNkoDIWK0
A	test.9.er/archives/mca_iof_tool.so_1fcNkoDIWK0
A	test.9.er/archives/mca_mpool_hugepage.so_1fcNkoDIWK0
A	test.9.er/archives/mca_mtl_ofi.so_1fcNkoDIWK0
A	test.9.er/archives/mca_mtl_psm.so_1fcNkoDIWK0
A	test.9.er/archives/mca_mtl_psm2.so_1fcNkoDIWK0
A	test.9.er/archives/mca_odls_default.so_1fcNkoDIWK0
A	test.9.er/archives/mca_odls_pspawn.so_1fcNkoDIWK0
A	test.9.er/archives/mca_oob_tcp.so_1fcNkoDIWK0
A	test.9.er/archives/mca_op_avx.so_1fcNkoDIWK0
A	test.9.er/archives/mca_osc_monitoring.so_1fcNkoDIWK0
A	test.9.er/archives/mca_osc_rdma.so_1fcNkoDIWK0
A	test.9.er/archives/mca_osc_sm.so_1fcNkoDIWK0
A	test.9.er/archives/mca_pcompress_zlib.so_dU1net7nSj5
A	test.9.er/archives/mca_plm_isolated.so_1fcNkoDIWK0
A	test.9.er/archives/mca_plm_rsh.so_1fcNkoDIWK0
A	test.9.er/archives/mca_plm_slurm.so_1fcNkoDIWK0
A	test.9.er/archives/mca_ploc_hwloc.so_dU1net7nSj5
A	test.9.er/archives/mca_plog_default.so_dU1net7nSj5
A	test.9.er/archives/mca_plog_stdfd.so_dU1net7nSj5
A	test.9.er/archives/mca_plog_syslog.so_dU1net7nSj5
A	test.9.er/archives/mca_pmdl_ompi4.so_dU1net7nSj5
A	test.9.er/archives/mca_pmdl_ompi5.so_dU1net7nSj5
A	test.9.er/archives/mca_pmdl_oshmem.so_dU1net7nSj5
A	test.9.er/archives/mca_pmix_ext3x.so_1fcNkoDIWK0
A	test.9.er/archives/mca_pmix_flux.so_1fcNkoDIWK0
A	test.9.er/archives/mca_pml_cm.so_1fcNkoDIWK0
A	test.9.er/archives/mca_pml_monitoring.so_1fcNkoDIWK0
A	test.9.er/archives/mca_pml_ob1.so_1fcNkoDIWK0
A	test.9.er/archives/mca_preg_compress.so_dU1net7nSj5
A	test.9.er/archives/mca_preg_native.so_dU1net7nSj5
A	test.9.er/archives/mca_preg_raw.so_dU1net7nSj5
A	test.9.er/archives/mca_psec_native.so_dU1net7nSj5
A	test.9.er/archives/mca_psec_none.so_dU1net7nSj5
A	test.9.er/archives/mca_psensor_file.so_dU1net7nSj5
A	test.9.er/archives/mca_psensor_heartbeat.so_dU1net7nSj5
A	test.9.er/archives/mca_pshmem_mmap.so_dU1net7nSj5
A	test.9.er/archives/mca_psquash_flex128.so_dU1net7nSj5
A	test.9.er/archives/mca_psquash_native.so_dU1net7nSj5
A	test.9.er/archives/mca_pstat_linux.so_1fcNkoDIWK0
A	test.9.er/archives/mca_ptl_client.so_dU1net7nSj5
A	test.9.er/archives/mca_ptl_server.so_dU1net7nSj5
A	test.9.er/archives/mca_ptl_tool.so_dU1net7nSj5
A	test.9.er/archives/mca_ras_gridengine.so_1fcNkoDIWK0
A	test.9.er/archives/mca_ras_simulator.so_1fcNkoDIWK0
A	test.9.er/archives/mca_ras_slurm.so_1fcNkoDIWK0
A	test.9.er/archives/mca_rcache_grdma.so_1fcNkoDIWK0
A	test.9.er/archives/mca_reachable_netlink.so_1fcNkoDIWK0
A	test.9.er/archives/mca_reachable_weighted.so_1fcNkoDIWK0
A	test.9.er/archives/mca_regx_fwd.so_1fcNkoDIWK0
A	test.9.er/archives/mca_regx_naive.so_1fcNkoDIWK0
A	test.9.er/archives/mca_regx_reverse.so_1fcNkoDIWK0
A	test.9.er/archives/mca_rmaps_mindist.so_1fcNkoDIWK0
A	test.9.er/archives/mca_rmaps_ppr.so_1fcNkoDIWK0
A	test.9.er/archives/mca_rmaps_rank_file.so_1fcNkoDIWK0
A	test.9.er/archives/mca_rmaps_resilient.so_1fcNkoDIWK0
A	test.9.er/archives/mca_rmaps_round_robin.so_1fcNkoDIWK0
A	test.9.er/archives/mca_rmaps_seq.so_1fcNkoDIWK0
A	test.9.er/archives/mca_rml_oob.so_1fcNkoDIWK0
A	test.9.er/archives/mca_routed_binomial.so_1fcNkoDIWK0
A	test.9.er/archives/mca_routed_direct.so_1fcNkoDIWK0
A	test.9.er/archives/mca_routed_radix.so_1fcNkoDIWK0
A	test.9.er/archives/mca_rtc_hwloc.so_1fcNkoDIWK0
A	test.9.er/archives/mca_schizo_flux.so_1fcNkoDIWK0
A	test.9.er/archives/mca_schizo_jsm.so_1fcNkoDIWK0
A	test.9.er/archives/mca_schizo_ompi.so_1fcNkoDIWK0
A	test.9.er/archives/mca_schizo_orte.so_1fcNkoDIWK0
A	test.9.er/archives/mca_schizo_slurm.so_1fcNkoDIWK0
A	test.9.er/archives/mca_shmem_mmap.so_1fcNkoDIWK0
A	test.9.er/archives/mca_shmem_posix.so_1fcNkoDIWK0
A	test.9.er/archives/mca_shmem_sysv.so_1fcNkoDIWK0
A	test.9.er/archives/mca_state_app.so_1fcNkoDIWK0
A	test.9.er/archives/mca_state_hnp.so_1fcNkoDIWK0
A	test.9.er/archives/mca_state_novm.so_1fcNkoDIWK0
A	test.9.er/archives/mca_state_orted.so_1fcNkoDIWK0
A	test.9.er/archives/mca_state_tool.so_1fcNkoDIWK0
A	test.9.er/archives/mca_vprotocol_pessimist.so_1fcNkoDIWK0
A	test.9.er/archives/orterun_UHyILZt997d
A	test.9.er/data.frameinfo
A	test.9.er/dyntext
A	test.9.er/er_archive.log
A	test.9.er/jclasses
A	test.9.er/log.xml
A	test.9.er/map.xml
A	test.9.er/overview
A	test.9.er/profile

commit 5cb86aa0149c305e3c5a8e15bc942040144b83ea
Author: Chris Ziyi Yao <chris.yao20@imperial.ac.uk>
Date:   Sun Apr 2 09:45:47 2023 +0800

    Improved Loop-based approach by removing the modulus operations

M	ShallowWater.cpp

commit ff3df6e1bf7237d87816f6d7d423ad1da553ef79
Author: Chris Ziyi Yao <chris.yao20@imperial.ac.uk>
Date:   Sat Apr 1 11:13:06 2023 +0800

    OpenMP for for loops

M	ShallowWater.cpp

commit cd6f729a9b43e21b9e9f2b37e227688e33142370
Author: Chris Ziyi Yao <chris.yao20@imperial.ac.uk>
Date:   Sat Apr 1 03:19:39 2023 +0100

    Testing profiles added

A	test.3.er/_f1.er/data.frameinfo
A	test.3.er/_f1.er/dyntext
A	test.3.er/_f1.er/jclasses
A	test.3.er/_f1.er/log.xml
A	test.3.er/_f1.er/map.xml
A	test.3.er/_f1.er/overview
A	test.3.er/_f1.er/profile
A	test.3.er/_f1_x1.er/data.frameinfo
A	test.3.er/_f1_x1.er/dyntext
A	test.3.er/_f1_x1.er/er_archive.log
A	test.3.er/_f1_x1.er/jclasses
A	test.3.er/_f1_x1.er/log.xml
A	test.3.er/_f1_x1.er/map.xml
A	test.3.er/_f1_x1.er/overview
A	test.3.er/_f1_x1.er/profile
A	test.3.er/archives/hwloc_gl.so_IicRzkXVc9a
A	test.3.er/archives/hwloc_opencl.so_IicRzkXVc9a
A	test.3.er/archives/hwloc_pci.so_IicRzkXVc9a
A	test.3.er/archives/hwloc_xml_libxml.so_IicRzkXVc9a
A	test.3.er/archives/ld-2.31.so_dnWuQRcLhw9
A	test.3.er/archives/libOpenCL.so.1.0.0_dnWuQRcLhw9
A	test.3.er/archives/libX11.so.6.4.0_dnWuQRcLhw9
A	test.3.er/archives/libXNVCtrl.so.0.0.0_dnWuQRcLhw9
A	test.3.er/archives/libXau.so.6.0.0_dnWuQRcLhw9
A	test.3.er/archives/libXdmcp.so.6.0.0_dnWuQRcLhw9
A	test.3.er/archives/libXext.so.6.4.0_dnWuQRcLhw9
A	test.3.er/archives/libblas.so.3.9.0_1eKUsC07yK7
A	test.3.er/archives/libboost_program_options.so.1.74.0_dnWuQRcLhw9
A	test.3.er/archives/libbsd.so.0.11.3_dnWuQRcLhw9
A	test.3.er/archives/libc-2.31.so_dnWuQRcLhw9
A	test.3.er/archives/libcollector.so_kN_xj2QRtH5
A	test.3.er/archives/libcuda.so.470.57.02_dnWuQRcLhw9
A	test.3.er/archives/libdl-2.31.so_dnWuQRcLhw9
A	test.3.er/archives/libefa.so.1.1.33.2_dnWuQRcLhw9
A	test.3.er/archives/libevent_core-2.1.so.7.0.1_dnWuQRcLhw9
A	test.3.er/archives/libevent_pthreads-2.1.so.7.0.1_dnWuQRcLhw9
A	test.3.er/archives/libfabric.so.1.14.0_dnWuQRcLhw9
A	test.3.er/archives/libgcc_s.so.1_dnWuQRcLhw9
A	test.3.er/archives/libhwloc.so.15.4.1_dnWuQRcLhw9
A	test.3.er/archives/libibverbs.so.1.11.33.2_dnWuQRcLhw9
A	test.3.er/archives/libicudata.so.67.1_dnWuQRcLhw9
A	test.3.er/archives/libicuuc.so.67.1_dnWuQRcLhw9
A	test.3.er/archives/libinfinipath.so.4.0_dnWuQRcLhw9
A	test.3.er/archives/liblzma.so.5.2.5_dnWuQRcLhw9
A	test.3.er/archives/libm-2.31.so_dnWuQRcLhw9
A	test.3.er/archives/libmca_common_dstore.so.1.0.3_c7fl0BttU88
A	test.3.er/archives/libmca_common_monitoring.so.50.20.0_dnWuQRcLhw9
A	test.3.er/archives/libmca_common_ofi.so.10.0.0_dnWuQRcLhw9
A	test.3.er/archives/libmca_common_sm.so.40.30.0_dnWuQRcLhw9
A	test.3.er/archives/libmd.so.0.0.4_dnWuQRcLhw9
A	test.3.er/archives/libmpi.so.40.30.0_dnWuQRcLhw9
A	test.3.er/archives/libmpi_cxx.so.40.30.0_dnWuQRcLhw9
A	test.3.er/archives/libnl-3.so.200.26.0_dnWuQRcLhw9
A	test.3.er/archives/libnl-route-3.so.200.26.0_dnWuQRcLhw9
A	test.3.er/archives/libnuma.so.1.0.0_dnWuQRcLhw9
A	test.3.er/archives/libnvidia-opencl.so.470.57.02_dnWuQRcLhw9
A	test.3.er/archives/libopen-pal.so.40.30.0_dnWuQRcLhw9
A	test.3.er/archives/libopen-rte.so.40.30.0_dnWuQRcLhw9
A	test.3.er/archives/libpciaccess.so.0.11.1_dnWuQRcLhw9
A	test.3.er/archives/libpmix.so.2.3.0_c7fl0BttU88
A	test.3.er/archives/libpsm2.so.2.2_dnWuQRcLhw9
A	test.3.er/archives/libpsm_infinipath.so.1.16_LW6XUxGbv93
A	test.3.er/archives/libpthread-2.31.so_dnWuQRcLhw9
A	test.3.er/archives/librdmacm.so.1.3.33.2_dnWuQRcLhw9
A	test.3.er/archives/librt-2.31.so_dnWuQRcLhw9
A	test.3.er/archives/libstdc++.so.6.0.28_dnWuQRcLhw9
A	test.3.er/archives/libudev.so.1.7.0_dnWuQRcLhw9
A	test.3.er/archives/libutil-2.31.so_dnWuQRcLhw9
A	test.3.er/archives/libuuid.so.1.3.0_dnWuQRcLhw9
A	test.3.er/archives/libxcb.so.1.1.0_dnWuQRcLhw9
A	test.3.er/archives/libxml2.so.2.9.10_dnWuQRcLhw9
A	test.3.er/archives/libz.so.1.2.11_dnWuQRcLhw9
A	test.3.er/archives/main_Au3fMPV85Vf
A	test.3.er/archives/mca_allocator_basic.so_1fcNkoDIWK0
A	test.3.er/archives/mca_allocator_bucket.so_1fcNkoDIWK0
A	test.3.er/archives/mca_bfrops_v12.so_dU1net7nSj5
A	test.3.er/archives/mca_bfrops_v20.so_dU1net7nSj5
A	test.3.er/archives/mca_bfrops_v21.so_dU1net7nSj5
A	test.3.er/archives/mca_bfrops_v3.so_dU1net7nSj5
A	test.3.er/archives/mca_bfrops_v4.so_dU1net7nSj5
A	test.3.er/archives/mca_bml_r2.so_1fcNkoDIWK0
A	test.3.er/archives/mca_btl_self.so_1fcNkoDIWK0
A	test.3.er/archives/mca_btl_sm.so_1fcNkoDIWK0
A	test.3.er/archives/mca_btl_tcp.so_1fcNkoDIWK0
A	test.3.er/archives/mca_btl_vader.so_1fcNkoDIWK0
A	test.3.er/archives/mca_coll_adapt.so_1fcNkoDIWK0
A	test.3.er/archives/mca_coll_basic.so_1fcNkoDIWK0
A	test.3.er/archives/mca_coll_han.so_1fcNkoDIWK0
A	test.3.er/archives/mca_coll_inter.so_1fcNkoDIWK0
A	test.3.er/archives/mca_coll_libnbc.so_1fcNkoDIWK0
A	test.3.er/archives/mca_coll_monitoring.so_1fcNkoDIWK0
A	test.3.er/archives/mca_coll_self.so_1fcNkoDIWK0
A	test.3.er/archives/mca_coll_sm.so_1fcNkoDIWK0
A	test.3.er/archives/mca_coll_sync.so_1fcNkoDIWK0
A	test.3.er/archives/mca_coll_tuned.so_1fcNkoDIWK0
A	test.3.er/archives/mca_errmgr_default_app.so_1fcNkoDIWK0
A	test.3.er/archives/mca_errmgr_default_hnp.so_1fcNkoDIWK0
A	test.3.er/archives/mca_errmgr_default_orted.so_1fcNkoDIWK0
A	test.3.er/archives/mca_errmgr_default_tool.so_1fcNkoDIWK0
A	test.3.er/archives/mca_ess_hnp.so_1fcNkoDIWK0
A	test.3.er/archives/mca_ess_singleton.so_1fcNkoDIWK0
A	test.3.er/archives/mca_filem_raw.so_1fcNkoDIWK0
A	test.3.er/archives/mca_gds_ds12.so_dU1net7nSj5
A	test.3.er/archives/mca_gds_ds21.so_dU1net7nSj5
A	test.3.er/archives/mca_gds_hash.so_dU1net7nSj5
A	test.3.er/archives/mca_grpcomm_direct.so_1fcNkoDIWK0
A	test.3.er/archives/mca_iof_hnp.so_1fcNkoDIWK0
A	test.3.er/archives/mca_iof_orted.so_1fcNkoDIWK0
A	test.3.er/archives/mca_iof_tool.so_1fcNkoDIWK0
A	test.3.er/archives/mca_mpool_hugepage.so_1fcNkoDIWK0
A	test.3.er/archives/mca_mtl_ofi.so_1fcNkoDIWK0
A	test.3.er/archives/mca_mtl_psm.so_1fcNkoDIWK0
A	test.3.er/archives/mca_mtl_psm2.so_1fcNkoDIWK0
A	test.3.er/archives/mca_odls_default.so_1fcNkoDIWK0
A	test.3.er/archives/mca_odls_pspawn.so_1fcNkoDIWK0
A	test.3.er/archives/mca_oob_tcp.so_1fcNkoDIWK0
A	test.3.er/archives/mca_op_avx.so_1fcNkoDIWK0
A	test.3.er/archives/mca_osc_monitoring.so_1fcNkoDIWK0
A	test.3.er/archives/mca_osc_rdma.so_1fcNkoDIWK0
A	test.3.er/archives/mca_osc_sm.so_1fcNkoDIWK0
A	test.3.er/archives/mca_pcompress_zlib.so_dU1net7nSj5
A	test.3.er/archives/mca_plm_isolated.so_1fcNkoDIWK0
A	test.3.er/archives/mca_plm_rsh.so_1fcNkoDIWK0
A	test.3.er/archives/mca_plm_slurm.so_1fcNkoDIWK0
A	test.3.er/archives/mca_ploc_hwloc.so_dU1net7nSj5
A	test.3.er/archives/mca_plog_default.so_dU1net7nSj5
A	test.3.er/archives/mca_plog_stdfd.so_dU1net7nSj5
A	test.3.er/archives/mca_plog_syslog.so_dU1net7nSj5
A	test.3.er/archives/mca_pmdl_ompi4.so_dU1net7nSj5
A	test.3.er/archives/mca_pmdl_ompi5.so_dU1net7nSj5
A	test.3.er/archives/mca_pmdl_oshmem.so_dU1net7nSj5
A	test.3.er/archives/mca_pmix_ext3x.so_1fcNkoDIWK0
A	test.3.er/archives/mca_pmix_flux.so_1fcNkoDIWK0
A	test.3.er/archives/mca_pml_cm.so_1fcNkoDIWK0
A	test.3.er/archives/mca_pml_monitoring.so_1fcNkoDIWK0
A	test.3.er/archives/mca_pml_ob1.so_1fcNkoDIWK0
A	test.3.er/archives/mca_preg_compress.so_dU1net7nSj5
A	test.3.er/archives/mca_preg_native.so_dU1net7nSj5
A	test.3.er/archives/mca_preg_raw.so_dU1net7nSj5
A	test.3.er/archives/mca_psec_native.so_dU1net7nSj5
A	test.3.er/archives/mca_psec_none.so_dU1net7nSj5
A	test.3.er/archives/mca_psensor_file.so_dU1net7nSj5
A	test.3.er/archives/mca_psensor_heartbeat.so_dU1net7nSj5
A	test.3.er/archives/mca_pshmem_mmap.so_dU1net7nSj5
A	test.3.er/archives/mca_psquash_flex128.so_dU1net7nSj5
A	test.3.er/archives/mca_psquash_native.so_dU1net7nSj5
A	test.3.er/archives/mca_pstat_linux.so_1fcNkoDIWK0
A	test.3.er/archives/mca_ptl_client.so_dU1net7nSj5
A	test.3.er/archives/mca_ptl_server.so_dU1net7nSj5
A	test.3.er/archives/mca_ptl_tool.so_dU1net7nSj5
A	test.3.er/archives/mca_ras_gridengine.so_1fcNkoDIWK0
A	test.3.er/archives/mca_ras_simulator.so_1fcNkoDIWK0
A	test.3.er/archives/mca_ras_slurm.so_1fcNkoDIWK0
A	test.3.er/archives/mca_rcache_grdma.so_1fcNkoDIWK0
A	test.3.er/archives/mca_reachable_netlink.so_1fcNkoDIWK0
A	test.3.er/archives/mca_reachable_weighted.so_1fcNkoDIWK0
A	test.3.er/archives/mca_regx_fwd.so_1fcNkoDIWK0
A	test.3.er/archives/mca_regx_naive.so_1fcNkoDIWK0
A	test.3.er/archives/mca_regx_reverse.so_1fcNkoDIWK0
A	test.3.er/archives/mca_rmaps_mindist.so_1fcNkoDIWK0
A	test.3.er/archives/mca_rmaps_ppr.so_1fcNkoDIWK0
A	test.3.er/archives/mca_rmaps_rank_file.so_1fcNkoDIWK0
A	test.3.er/archives/mca_rmaps_resilient.so_1fcNkoDIWK0
A	test.3.er/archives/mca_rmaps_round_robin.so_1fcNkoDIWK0
A	test.3.er/archives/mca_rmaps_seq.so_1fcNkoDIWK0
A	test.3.er/archives/mca_rml_oob.so_1fcNkoDIWK0
A	test.3.er/archives/mca_routed_binomial.so_1fcNkoDIWK0
A	test.3.er/archives/mca_routed_direct.so_1fcNkoDIWK0
A	test.3.er/archives/mca_routed_radix.so_1fcNkoDIWK0
A	test.3.er/archives/mca_rtc_hwloc.so_1fcNkoDIWK0
A	test.3.er/archives/mca_schizo_flux.so_1fcNkoDIWK0
A	test.3.er/archives/mca_schizo_jsm.so_1fcNkoDIWK0
A	test.3.er/archives/mca_schizo_ompi.so_1fcNkoDIWK0
A	test.3.er/archives/mca_schizo_orte.so_1fcNkoDIWK0
A	test.3.er/archives/mca_schizo_slurm.so_1fcNkoDIWK0
A	test.3.er/archives/mca_shmem_mmap.so_1fcNkoDIWK0
A	test.3.er/archives/mca_shmem_posix.so_1fcNkoDIWK0
A	test.3.er/archives/mca_shmem_sysv.so_1fcNkoDIWK0
A	test.3.er/archives/mca_state_app.so_1fcNkoDIWK0
A	test.3.er/archives/mca_state_hnp.so_1fcNkoDIWK0
A	test.3.er/archives/mca_state_novm.so_1fcNkoDIWK0
A	test.3.er/archives/mca_state_orted.so_1fcNkoDIWK0
A	test.3.er/archives/mca_state_tool.so_1fcNkoDIWK0
A	test.3.er/archives/mca_vprotocol_pessimist.so_1fcNkoDIWK0
A	test.3.er/archives/orted_UHyILZt997d
A	test.3.er/data.frameinfo
A	test.3.er/dyntext
A	test.3.er/er_archive.log
A	test.3.er/jclasses
A	test.3.er/log.xml
A	test.3.er/map.xml
A	test.3.er/overview
A	test.3.er/profile
A	test.4.er/_f1.er/data.frameinfo
A	test.4.er/_f1.er/dyntext
A	test.4.er/_f1.er/jclasses
A	test.4.er/_f1.er/log.xml
A	test.4.er/_f1.er/map.xml
A	test.4.er/_f1.er/overview
A	test.4.er/_f1.er/profile
A	test.4.er/_f1_x1.er/data.frameinfo
A	test.4.er/_f1_x1.er/dyntext
A	test.4.er/_f1_x1.er/er_archive.log
A	test.4.er/_f1_x1.er/jclasses
A	test.4.er/_f1_x1.er/log.xml
A	test.4.er/_f1_x1.er/map.xml
A	test.4.er/_f1_x1.er/overview
A	test.4.er/_f1_x1.er/profile
A	test.4.er/archives/hwloc_gl.so_IicRzkXVc9a
A	test.4.er/archives/hwloc_opencl.so_IicRzkXVc9a
A	test.4.er/archives/hwloc_pci.so_IicRzkXVc9a
A	test.4.er/archives/hwloc_xml_libxml.so_IicRzkXVc9a
A	test.4.er/archives/ld-2.31.so_dnWuQRcLhw9
A	test.4.er/archives/libOpenCL.so.1.0.0_dnWuQRcLhw9
A	test.4.er/archives/libX11.so.6.4.0_dnWuQRcLhw9
A	test.4.er/archives/libXNVCtrl.so.0.0.0_dnWuQRcLhw9
A	test.4.er/archives/libXau.so.6.0.0_dnWuQRcLhw9
A	test.4.er/archives/libXdmcp.so.6.0.0_dnWuQRcLhw9
A	test.4.er/archives/libXext.so.6.4.0_dnWuQRcLhw9
A	test.4.er/archives/libblas.so.3.9.0_1eKUsC07yK7
A	test.4.er/archives/libboost_program_options.so.1.74.0_dnWuQRcLhw9
A	test.4.er/archives/libbsd.so.0.11.3_dnWuQRcLhw9
A	test.4.er/archives/libc-2.31.so_dnWuQRcLhw9
A	test.4.er/archives/libcollector.so_kN_xj2QRtH5
A	test.4.er/archives/libcuda.so.470.57.02_dnWuQRcLhw9
A	test.4.er/archives/libdl-2.31.so_dnWuQRcLhw9
A	test.4.er/archives/libefa.so.1.1.33.2_dnWuQRcLhw9
A	test.4.er/archives/libevent_core-2.1.so.7.0.1_dnWuQRcLhw9
A	test.4.er/archives/libevent_pthreads-2.1.so.7.0.1_dnWuQRcLhw9
A	test.4.er/archives/libfabric.so.1.14.0_dnWuQRcLhw9
A	test.4.er/archives/libgcc_s.so.1_dnWuQRcLhw9
A	test.4.er/archives/libhwloc.so.15.4.1_dnWuQRcLhw9
A	test.4.er/archives/libibverbs.so.1.11.33.2_dnWuQRcLhw9
A	test.4.er/archives/libicudata.so.67.1_dnWuQRcLhw9
A	test.4.er/archives/libicuuc.so.67.1_dnWuQRcLhw9
A	test.4.er/archives/libinfinipath.so.4.0_dnWuQRcLhw9
A	test.4.er/archives/liblzma.so.5.2.5_dnWuQRcLhw9
A	test.4.er/archives/libm-2.31.so_dnWuQRcLhw9
A	test.4.er/archives/libmca_common_dstore.so.1.0.3_c7fl0BttU88
A	test.4.er/archives/libmca_common_monitoring.so.50.20.0_dnWuQRcLhw9
A	test.4.er/archives/libmca_common_ofi.so.10.0.0_dnWuQRcLhw9
A	test.4.er/archives/libmca_common_sm.so.40.30.0_dnWuQRcLhw9
A	test.4.er/archives/libmd.so.0.0.4_dnWuQRcLhw9
A	test.4.er/archives/libmpi.so.40.30.0_dnWuQRcLhw9
A	test.4.er/archives/libmpi_cxx.so.40.30.0_dnWuQRcLhw9
A	test.4.er/archives/libnl-3.so.200.26.0_dnWuQRcLhw9
A	test.4.er/archives/libnl-route-3.so.200.26.0_dnWuQRcLhw9
A	test.4.er/archives/libnuma.so.1.0.0_dnWuQRcLhw9
A	test.4.er/archives/libnvidia-opencl.so.470.57.02_dnWuQRcLhw9
A	test.4.er/archives/libopen-pal.so.40.30.0_dnWuQRcLhw9
A	test.4.er/archives/libopen-rte.so.40.30.0_dnWuQRcLhw9
A	test.4.er/archives/libpciaccess.so.0.11.1_dnWuQRcLhw9
A	test.4.er/archives/libpmix.so.2.3.0_c7fl0BttU88
A	test.4.er/archives/libpsm2.so.2.2_dnWuQRcLhw9
A	test.4.er/archives/libpsm_infinipath.so.1.16_LW6XUxGbv93
A	test.4.er/archives/libpthread-2.31.so_dnWuQRcLhw9
A	test.4.er/archives/librdmacm.so.1.3.33.2_dnWuQRcLhw9
A	test.4.er/archives/librt-2.31.so_dnWuQRcLhw9
A	test.4.er/archives/libstdc++.so.6.0.28_dnWuQRcLhw9
A	test.4.er/archives/libudev.so.1.7.0_dnWuQRcLhw9
A	test.4.er/archives/libutil-2.31.so_dnWuQRcLhw9
A	test.4.er/archives/libuuid.so.1.3.0_dnWuQRcLhw9
A	test.4.er/archives/libxcb.so.1.1.0_dnWuQRcLhw9
A	test.4.er/archives/libxml2.so.2.9.10_dnWuQRcLhw9
A	test.4.er/archives/libz.so.1.2.11_dnWuQRcLhw9
A	test.4.er/archives/main_Au3fMPV85Vf
A	test.4.er/archives/mca_allocator_basic.so_1fcNkoDIWK0
A	test.4.er/archives/mca_allocator_bucket.so_1fcNkoDIWK0
A	test.4.er/archives/mca_bfrops_v12.so_dU1net7nSj5
A	test.4.er/archives/mca_bfrops_v20.so_dU1net7nSj5
A	test.4.er/archives/mca_bfrops_v21.so_dU1net7nSj5
A	test.4.er/archives/mca_bfrops_v3.so_dU1net7nSj5
A	test.4.er/archives/mca_bfrops_v4.so_dU1net7nSj5
A	test.4.er/archives/mca_bml_r2.so_1fcNkoDIWK0
A	test.4.er/archives/mca_btl_self.so_1fcNkoDIWK0
A	test.4.er/archives/mca_btl_sm.so_1fcNkoDIWK0
A	test.4.er/archives/mca_btl_tcp.so_1fcNkoDIWK0
A	test.4.er/archives/mca_btl_vader.so_1fcNkoDIWK0
A	test.4.er/archives/mca_coll_adapt.so_1fcNkoDIWK0
A	test.4.er/archives/mca_coll_basic.so_1fcNkoDIWK0
A	test.4.er/archives/mca_coll_han.so_1fcNkoDIWK0
A	test.4.er/archives/mca_coll_inter.so_1fcNkoDIWK0
A	test.4.er/archives/mca_coll_libnbc.so_1fcNkoDIWK0
A	test.4.er/archives/mca_coll_monitoring.so_1fcNkoDIWK0
A	test.4.er/archives/mca_coll_self.so_1fcNkoDIWK0
A	test.4.er/archives/mca_coll_sm.so_1fcNkoDIWK0
A	test.4.er/archives/mca_coll_sync.so_1fcNkoDIWK0
A	test.4.er/archives/mca_coll_tuned.so_1fcNkoDIWK0
A	test.4.er/archives/mca_errmgr_default_app.so_1fcNkoDIWK0
A	test.4.er/archives/mca_errmgr_default_hnp.so_1fcNkoDIWK0
A	test.4.er/archives/mca_errmgr_default_orted.so_1fcNkoDIWK0
A	test.4.er/archives/mca_errmgr_default_tool.so_1fcNkoDIWK0
A	test.4.er/archives/mca_ess_hnp.so_1fcNkoDIWK0
A	test.4.er/archives/mca_ess_singleton.so_1fcNkoDIWK0
A	test.4.er/archives/mca_filem_raw.so_1fcNkoDIWK0
A	test.4.er/archives/mca_gds_ds12.so_dU1net7nSj5
A	test.4.er/archives/mca_gds_ds21.so_dU1net7nSj5
A	test.4.er/archives/mca_gds_hash.so_dU1net7nSj5
A	test.4.er/archives/mca_grpcomm_direct.so_1fcNkoDIWK0
A	test.4.er/archives/mca_iof_hnp.so_1fcNkoDIWK0
A	test.4.er/archives/mca_iof_orted.so_1fcNkoDIWK0
A	test.4.er/archives/mca_iof_tool.so_1fcNkoDIWK0
A	test.4.er/archives/mca_mpool_hugepage.so_1fcNkoDIWK0
A	test.4.er/archives/mca_mtl_ofi.so_1fcNkoDIWK0
A	test.4.er/archives/mca_mtl_psm.so_1fcNkoDIWK0
A	test.4.er/archives/mca_mtl_psm2.so_1fcNkoDIWK0
A	test.4.er/archives/mca_odls_default.so_1fcNkoDIWK0
A	test.4.er/archives/mca_odls_pspawn.so_1fcNkoDIWK0
A	test.4.er/archives/mca_oob_tcp.so_1fcNkoDIWK0
A	test.4.er/archives/mca_op_avx.so_1fcNkoDIWK0
A	test.4.er/archives/mca_osc_monitoring.so_1fcNkoDIWK0
A	test.4.er/archives/mca_osc_rdma.so_1fcNkoDIWK0
A	test.4.er/archives/mca_osc_sm.so_1fcNkoDIWK0
A	test.4.er/archives/mca_pcompress_zlib.so_dU1net7nSj5
A	test.4.er/archives/mca_plm_isolated.so_1fcNkoDIWK0
A	test.4.er/archives/mca_plm_rsh.so_1fcNkoDIWK0
A	test.4.er/archives/mca_plm_slurm.so_1fcNkoDIWK0
A	test.4.er/archives/mca_ploc_hwloc.so_dU1net7nSj5
A	test.4.er/archives/mca_plog_default.so_dU1net7nSj5
A	test.4.er/archives/mca_plog_stdfd.so_dU1net7nSj5
A	test.4.er/archives/mca_plog_syslog.so_dU1net7nSj5
A	test.4.er/archives/mca_pmdl_ompi4.so_dU1net7nSj5
A	test.4.er/archives/mca_pmdl_ompi5.so_dU1net7nSj5
A	test.4.er/archives/mca_pmdl_oshmem.so_dU1net7nSj5
A	test.4.er/archives/mca_pmix_ext3x.so_1fcNkoDIWK0
A	test.4.er/archives/mca_pmix_flux.so_1fcNkoDIWK0
A	test.4.er/archives/mca_pml_cm.so_1fcNkoDIWK0
A	test.4.er/archives/mca_pml_monitoring.so_1fcNkoDIWK0
A	test.4.er/archives/mca_pml_ob1.so_1fcNkoDIWK0
A	test.4.er/archives/mca_preg_compress.so_dU1net7nSj5
A	test.4.er/archives/mca_preg_native.so_dU1net7nSj5
A	test.4.er/archives/mca_preg_raw.so_dU1net7nSj5
A	test.4.er/archives/mca_psec_native.so_dU1net7nSj5
A	test.4.er/archives/mca_psec_none.so_dU1net7nSj5
A	test.4.er/archives/mca_psensor_file.so_dU1net7nSj5
A	test.4.er/archives/mca_psensor_heartbeat.so_dU1net7nSj5
A	test.4.er/archives/mca_pshmem_mmap.so_dU1net7nSj5
A	test.4.er/archives/mca_psquash_flex128.so_dU1net7nSj5
A	test.4.er/archives/mca_psquash_native.so_dU1net7nSj5
A	test.4.er/archives/mca_pstat_linux.so_1fcNkoDIWK0
A	test.4.er/archives/mca_ptl_client.so_dU1net7nSj5
A	test.4.er/archives/mca_ptl_server.so_dU1net7nSj5
A	test.4.er/archives/mca_ptl_tool.so_dU1net7nSj5
A	test.4.er/archives/mca_ras_gridengine.so_1fcNkoDIWK0
A	test.4.er/archives/mca_ras_simulator.so_1fcNkoDIWK0
A	test.4.er/archives/mca_ras_slurm.so_1fcNkoDIWK0
A	test.4.er/archives/mca_rcache_grdma.so_1fcNkoDIWK0
A	test.4.er/archives/mca_reachable_netlink.so_1fcNkoDIWK0
A	test.4.er/archives/mca_reachable_weighted.so_1fcNkoDIWK0
A	test.4.er/archives/mca_regx_fwd.so_1fcNkoDIWK0
A	test.4.er/archives/mca_regx_naive.so_1fcNkoDIWK0
A	test.4.er/archives/mca_regx_reverse.so_1fcNkoDIWK0
A	test.4.er/archives/mca_rmaps_mindist.so_1fcNkoDIWK0
A	test.4.er/archives/mca_rmaps_ppr.so_1fcNkoDIWK0
A	test.4.er/archives/mca_rmaps_rank_file.so_1fcNkoDIWK0
A	test.4.er/archives/mca_rmaps_resilient.so_1fcNkoDIWK0
A	test.4.er/archives/mca_rmaps_round_robin.so_1fcNkoDIWK0
A	test.4.er/archives/mca_rmaps_seq.so_1fcNkoDIWK0
A	test.4.er/archives/mca_rml_oob.so_1fcNkoDIWK0
A	test.4.er/archives/mca_routed_binomial.so_1fcNkoDIWK0
A	test.4.er/archives/mca_routed_direct.so_1fcNkoDIWK0
A	test.4.er/archives/mca_routed_radix.so_1fcNkoDIWK0
A	test.4.er/archives/mca_rtc_hwloc.so_1fcNkoDIWK0
A	test.4.er/archives/mca_schizo_flux.so_1fcNkoDIWK0
A	test.4.er/archives/mca_schizo_jsm.so_1fcNkoDIWK0
A	test.4.er/archives/mca_schizo_ompi.so_1fcNkoDIWK0
A	test.4.er/archives/mca_schizo_orte.so_1fcNkoDIWK0
A	test.4.er/archives/mca_schizo_slurm.so_1fcNkoDIWK0
A	test.4.er/archives/mca_shmem_mmap.so_1fcNkoDIWK0
A	test.4.er/archives/mca_shmem_posix.so_1fcNkoDIWK0
A	test.4.er/archives/mca_shmem_sysv.so_1fcNkoDIWK0
A	test.4.er/archives/mca_state_app.so_1fcNkoDIWK0
A	test.4.er/archives/mca_state_hnp.so_1fcNkoDIWK0
A	test.4.er/archives/mca_state_novm.so_1fcNkoDIWK0
A	test.4.er/archives/mca_state_orted.so_1fcNkoDIWK0
A	test.4.er/archives/mca_state_tool.so_1fcNkoDIWK0
A	test.4.er/archives/mca_vprotocol_pessimist.so_1fcNkoDIWK0
A	test.4.er/archives/orted_UHyILZt997d
A	test.4.er/data.frameinfo
A	test.4.er/dyntext
A	test.4.er/er_archive.log
A	test.4.er/jclasses
A	test.4.er/log.xml
A	test.4.er/map.xml
A	test.4.er/overview
A	test.4.er/profile
A	test.5.er/_f1.er/data.frameinfo
A	test.5.er/_f1.er/dyntext
A	test.5.er/_f1.er/jclasses
A	test.5.er/_f1.er/log.xml
A	test.5.er/_f1.er/map.xml
A	test.5.er/_f1.er/overview
A	test.5.er/_f1.er/profile
A	test.5.er/_f1_x1.er/data.frameinfo
A	test.5.er/_f1_x1.er/dyntext
A	test.5.er/_f1_x1.er/er_archive.log
A	test.5.er/_f1_x1.er/jclasses
A	test.5.er/_f1_x1.er/log.xml
A	test.5.er/_f1_x1.er/map.xml
A	test.5.er/_f1_x1.er/overview
A	test.5.er/_f1_x1.er/profile
A	test.5.er/archives/hwloc_gl.so_IicRzkXVc9a
A	test.5.er/archives/hwloc_opencl.so_IicRzkXVc9a
A	test.5.er/archives/hwloc_pci.so_IicRzkXVc9a
A	test.5.er/archives/hwloc_xml_libxml.so_IicRzkXVc9a
A	test.5.er/archives/ld-2.31.so_dnWuQRcLhw9
A	test.5.er/archives/libOpenCL.so.1.0.0_dnWuQRcLhw9
A	test.5.er/archives/libX11.so.6.4.0_dnWuQRcLhw9
A	test.5.er/archives/libXNVCtrl.so.0.0.0_dnWuQRcLhw9
A	test.5.er/archives/libXau.so.6.0.0_dnWuQRcLhw9
A	test.5.er/archives/libXdmcp.so.6.0.0_dnWuQRcLhw9
A	test.5.er/archives/libXext.so.6.4.0_dnWuQRcLhw9
A	test.5.er/archives/libblas.so.3.9.0_1eKUsC07yK7
A	test.5.er/archives/libboost_program_options.so.1.74.0_dnWuQRcLhw9
A	test.5.er/archives/libbsd.so.0.11.3_dnWuQRcLhw9
A	test.5.er/archives/libc-2.31.so_dnWuQRcLhw9
A	test.5.er/archives/libcollector.so_kN_xj2QRtH5
A	test.5.er/archives/libcuda.so.470.57.02_dnWuQRcLhw9
A	test.5.er/archives/libdl-2.31.so_dnWuQRcLhw9
A	test.5.er/archives/libefa.so.1.1.33.2_dnWuQRcLhw9
A	test.5.er/archives/libevent_core-2.1.so.7.0.1_dnWuQRcLhw9
A	test.5.er/archives/libevent_pthreads-2.1.so.7.0.1_dnWuQRcLhw9
A	test.5.er/archives/libfabric.so.1.14.0_dnWuQRcLhw9
A	test.5.er/archives/libgcc_s.so.1_dnWuQRcLhw9
A	test.5.er/archives/libhwloc.so.15.4.1_dnWuQRcLhw9
A	test.5.er/archives/libibverbs.so.1.11.33.2_dnWuQRcLhw9
A	test.5.er/archives/libicudata.so.67.1_dnWuQRcLhw9
A	test.5.er/archives/libicuuc.so.67.1_dnWuQRcLhw9
A	test.5.er/archives/libinfinipath.so.4.0_dnWuQRcLhw9
A	test.5.er/archives/liblzma.so.5.2.5_dnWuQRcLhw9
A	test.5.er/archives/libm-2.31.so_dnWuQRcLhw9
A	test.5.er/archives/libmca_common_dstore.so.1.0.3_c7fl0BttU88
A	test.5.er/archives/libmca_common_monitoring.so.50.20.0_dnWuQRcLhw9
A	test.5.er/archives/libmca_common_ofi.so.10.0.0_dnWuQRcLhw9
A	test.5.er/archives/libmca_common_sm.so.40.30.0_dnWuQRcLhw9
A	test.5.er/archives/libmd.so.0.0.4_dnWuQRcLhw9
A	test.5.er/archives/libmpi.so.40.30.0_dnWuQRcLhw9
A	test.5.er/archives/libmpi_cxx.so.40.30.0_dnWuQRcLhw9
A	test.5.er/archives/libnl-3.so.200.26.0_dnWuQRcLhw9
A	test.5.er/archives/libnl-route-3.so.200.26.0_dnWuQRcLhw9
A	test.5.er/archives/libnuma.so.1.0.0_dnWuQRcLhw9
A	test.5.er/archives/libnvidia-opencl.so.470.57.02_dnWuQRcLhw9
A	test.5.er/archives/libopen-pal.so.40.30.0_dnWuQRcLhw9
A	test.5.er/archives/libopen-rte.so.40.30.0_dnWuQRcLhw9
A	test.5.er/archives/libpciaccess.so.0.11.1_dnWuQRcLhw9
A	test.5.er/archives/libpmix.so.2.3.0_c7fl0BttU88
A	test.5.er/archives/libpsm2.so.2.2_dnWuQRcLhw9
A	test.5.er/archives/libpsm_infinipath.so.1.16_LW6XUxGbv93
A	test.5.er/archives/libpthread-2.31.so_dnWuQRcLhw9
A	test.5.er/archives/librdmacm.so.1.3.33.2_dnWuQRcLhw9
A	test.5.er/archives/librt-2.31.so_dnWuQRcLhw9
A	test.5.er/archives/libstdc++.so.6.0.28_dnWuQRcLhw9
A	test.5.er/archives/libudev.so.1.7.0_dnWuQRcLhw9
A	test.5.er/archives/libutil-2.31.so_dnWuQRcLhw9
A	test.5.er/archives/libuuid.so.1.3.0_dnWuQRcLhw9
A	test.5.er/archives/libxcb.so.1.1.0_dnWuQRcLhw9
A	test.5.er/archives/libxml2.so.2.9.10_dnWuQRcLhw9
A	test.5.er/archives/libz.so.1.2.11_dnWuQRcLhw9
A	test.5.er/archives/main_Au3fMPV85Vf
A	test.5.er/archives/mca_allocator_basic.so_1fcNkoDIWK0
A	test.5.er/archives/mca_allocator_bucket.so_1fcNkoDIWK0
A	test.5.er/archives/mca_bfrops_v12.so_dU1net7nSj5
A	test.5.er/archives/mca_bfrops_v20.so_dU1net7nSj5
A	test.5.er/archives/mca_bfrops_v21.so_dU1net7nSj5
A	test.5.er/archives/mca_bfrops_v3.so_dU1net7nSj5
A	test.5.er/archives/mca_bfrops_v4.so_dU1net7nSj5
A	test.5.er/archives/mca_bml_r2.so_1fcNkoDIWK0
A	test.5.er/archives/mca_btl_self.so_1fcNkoDIWK0
A	test.5.er/archives/mca_btl_sm.so_1fcNkoDIWK0
A	test.5.er/archives/mca_btl_tcp.so_1fcNkoDIWK0
A	test.5.er/archives/mca_btl_vader.so_1fcNkoDIWK0
A	test.5.er/archives/mca_coll_adapt.so_1fcNkoDIWK0
A	test.5.er/archives/mca_coll_basic.so_1fcNkoDIWK0
A	test.5.er/archives/mca_coll_han.so_1fcNkoDIWK0
A	test.5.er/archives/mca_coll_inter.so_1fcNkoDIWK0
A	test.5.er/archives/mca_coll_libnbc.so_1fcNkoDIWK0
A	test.5.er/archives/mca_coll_monitoring.so_1fcNkoDIWK0
A	test.5.er/archives/mca_coll_self.so_1fcNkoDIWK0
A	test.5.er/archives/mca_coll_sm.so_1fcNkoDIWK0
A	test.5.er/archives/mca_coll_sync.so_1fcNkoDIWK0
A	test.5.er/archives/mca_coll_tuned.so_1fcNkoDIWK0
A	test.5.er/archives/mca_errmgr_default_app.so_1fcNkoDIWK0
A	test.5.er/archives/mca_errmgr_default_hnp.so_1fcNkoDIWK0
A	test.5.er/archives/mca_errmgr_default_orted.so_1fcNkoDIWK0
A	test.5.er/archives/mca_errmgr_default_tool.so_1fcNkoDIWK0
A	test.5.er/archives/mca_ess_hnp.so_1fcNkoDIWK0
A	test.5.er/archives/mca_ess_singleton.so_1fcNkoDIWK0
A	test.5.er/archives/mca_filem_raw.so_1fcNkoDIWK0
A	test.5.er/archives/mca_gds_ds12.so_dU1net7nSj5
A	test.5.er/archives/mca_gds_ds21.so_dU1net7nSj5
A	test.5.er/archives/mca_gds_hash.so_dU1net7nSj5
A	test.5.er/archives/mca_grpcomm_direct.so_1fcNkoDIWK0
A	test.5.er/archives/mca_iof_hnp.so_1fcNkoDIWK0
A	test.5.er/archives/mca_iof_orted.so_1fcNkoDIWK0
A	test.5.er/archives/mca_iof_tool.so_1fcNkoDIWK0
A	test.5.er/archives/mca_mpool_hugepage.so_1fcNkoDIWK0
A	test.5.er/archives/mca_mtl_ofi.so_1fcNkoDIWK0
A	test.5.er/archives/mca_mtl_psm.so_1fcNkoDIWK0
A	test.5.er/archives/mca_mtl_psm2.so_1fcNkoDIWK0
A	test.5.er/archives/mca_odls_default.so_1fcNkoDIWK0
A	test.5.er/archives/mca_odls_pspawn.so_1fcNkoDIWK0
A	test.5.er/archives/mca_oob_tcp.so_1fcNkoDIWK0
A	test.5.er/archives/mca_op_avx.so_1fcNkoDIWK0
A	test.5.er/archives/mca_osc_monitoring.so_1fcNkoDIWK0
A	test.5.er/archives/mca_osc_rdma.so_1fcNkoDIWK0
A	test.5.er/archives/mca_osc_sm.so_1fcNkoDIWK0
A	test.5.er/archives/mca_pcompress_zlib.so_dU1net7nSj5
A	test.5.er/archives/mca_plm_isolated.so_1fcNkoDIWK0
A	test.5.er/archives/mca_plm_rsh.so_1fcNkoDIWK0
A	test.5.er/archives/mca_plm_slurm.so_1fcNkoDIWK0
A	test.5.er/archives/mca_ploc_hwloc.so_dU1net7nSj5
A	test.5.er/archives/mca_plog_default.so_dU1net7nSj5
A	test.5.er/archives/mca_plog_stdfd.so_dU1net7nSj5
A	test.5.er/archives/mca_plog_syslog.so_dU1net7nSj5
A	test.5.er/archives/mca_pmdl_ompi4.so_dU1net7nSj5
A	test.5.er/archives/mca_pmdl_ompi5.so_dU1net7nSj5
A	test.5.er/archives/mca_pmdl_oshmem.so_dU1net7nSj5
A	test.5.er/archives/mca_pmix_ext3x.so_1fcNkoDIWK0
A	test.5.er/archives/mca_pmix_flux.so_1fcNkoDIWK0
A	test.5.er/archives/mca_pml_cm.so_1fcNkoDIWK0
A	test.5.er/archives/mca_pml_monitoring.so_1fcNkoDIWK0
A	test.5.er/archives/mca_pml_ob1.so_1fcNkoDIWK0
A	test.5.er/archives/mca_preg_compress.so_dU1net7nSj5
A	test.5.er/archives/mca_preg_native.so_dU1net7nSj5
A	test.5.er/archives/mca_preg_raw.so_dU1net7nSj5
A	test.5.er/archives/mca_psec_native.so_dU1net7nSj5
A	test.5.er/archives/mca_psec_none.so_dU1net7nSj5
A	test.5.er/archives/mca_psensor_file.so_dU1net7nSj5
A	test.5.er/archives/mca_psensor_heartbeat.so_dU1net7nSj5
A	test.5.er/archives/mca_pshmem_mmap.so_dU1net7nSj5
A	test.5.er/archives/mca_psquash_flex128.so_dU1net7nSj5
A	test.5.er/archives/mca_psquash_native.so_dU1net7nSj5
A	test.5.er/archives/mca_pstat_linux.so_1fcNkoDIWK0
A	test.5.er/archives/mca_ptl_client.so_dU1net7nSj5
A	test.5.er/archives/mca_ptl_server.so_dU1net7nSj5
A	test.5.er/archives/mca_ptl_tool.so_dU1net7nSj5
A	test.5.er/archives/mca_ras_gridengine.so_1fcNkoDIWK0
A	test.5.er/archives/mca_ras_simulator.so_1fcNkoDIWK0
A	test.5.er/archives/mca_ras_slurm.so_1fcNkoDIWK0
A	test.5.er/archives/mca_rcache_grdma.so_1fcNkoDIWK0
A	test.5.er/archives/mca_reachable_netlink.so_1fcNkoDIWK0
A	test.5.er/archives/mca_reachable_weighted.so_1fcNkoDIWK0
A	test.5.er/archives/mca_regx_fwd.so_1fcNkoDIWK0
A	test.5.er/archives/mca_regx_naive.so_1fcNkoDIWK0
A	test.5.er/archives/mca_regx_reverse.so_1fcNkoDIWK0
A	test.5.er/archives/mca_rmaps_mindist.so_1fcNkoDIWK0
A	test.5.er/archives/mca_rmaps_ppr.so_1fcNkoDIWK0
A	test.5.er/archives/mca_rmaps_rank_file.so_1fcNkoDIWK0
A	test.5.er/archives/mca_rmaps_resilient.so_1fcNkoDIWK0
A	test.5.er/archives/mca_rmaps_round_robin.so_1fcNkoDIWK0
A	test.5.er/archives/mca_rmaps_seq.so_1fcNkoDIWK0
A	test.5.er/archives/mca_rml_oob.so_1fcNkoDIWK0
A	test.5.er/archives/mca_routed_binomial.so_1fcNkoDIWK0
A	test.5.er/archives/mca_routed_direct.so_1fcNkoDIWK0
A	test.5.er/archives/mca_routed_radix.so_1fcNkoDIWK0
A	test.5.er/archives/mca_rtc_hwloc.so_1fcNkoDIWK0
A	test.5.er/archives/mca_schizo_flux.so_1fcNkoDIWK0
A	test.5.er/archives/mca_schizo_jsm.so_1fcNkoDIWK0
A	test.5.er/archives/mca_schizo_ompi.so_1fcNkoDIWK0
A	test.5.er/archives/mca_schizo_orte.so_1fcNkoDIWK0
A	test.5.er/archives/mca_schizo_slurm.so_1fcNkoDIWK0
A	test.5.er/archives/mca_shmem_mmap.so_1fcNkoDIWK0
A	test.5.er/archives/mca_shmem_posix.so_1fcNkoDIWK0
A	test.5.er/archives/mca_shmem_sysv.so_1fcNkoDIWK0
A	test.5.er/archives/mca_state_app.so_1fcNkoDIWK0
A	test.5.er/archives/mca_state_hnp.so_1fcNkoDIWK0
A	test.5.er/archives/mca_state_novm.so_1fcNkoDIWK0
A	test.5.er/archives/mca_state_orted.so_1fcNkoDIWK0
A	test.5.er/archives/mca_state_tool.so_1fcNkoDIWK0
A	test.5.er/archives/mca_vprotocol_pessimist.so_1fcNkoDIWK0
A	test.5.er/archives/orted_UHyILZt997d
A	test.5.er/data.frameinfo
A	test.5.er/dyntext
A	test.5.er/er_archive.log
A	test.5.er/jclasses
A	test.5.er/log.xml
A	test.5.er/map.xml
A	test.5.er/overview
A	test.5.er/profile
A	test.6.er/_f1.er/data.frameinfo
A	test.6.er/_f1.er/dyntext
A	test.6.er/_f1.er/jclasses
A	test.6.er/_f1.er/log.xml
A	test.6.er/_f1.er/map.xml
A	test.6.er/_f1.er/overview
A	test.6.er/_f1.er/profile
A	test.6.er/_f1_x1.er/data.frameinfo
A	test.6.er/_f1_x1.er/dyntext
A	test.6.er/_f1_x1.er/er_archive.log
A	test.6.er/_f1_x1.er/jclasses
A	test.6.er/_f1_x1.er/log.xml
A	test.6.er/_f1_x1.er/map.xml
A	test.6.er/_f1_x1.er/overview
A	test.6.er/_f1_x1.er/profile
A	test.6.er/archives/hwloc_gl.so_IicRzkXVc9a
A	test.6.er/archives/hwloc_opencl.so_IicRzkXVc9a
A	test.6.er/archives/hwloc_pci.so_IicRzkXVc9a
A	test.6.er/archives/hwloc_xml_libxml.so_IicRzkXVc9a
A	test.6.er/archives/ld-2.31.so_dnWuQRcLhw9
A	test.6.er/archives/libOpenCL.so.1.0.0_dnWuQRcLhw9
A	test.6.er/archives/libX11.so.6.4.0_dnWuQRcLhw9
A	test.6.er/archives/libXNVCtrl.so.0.0.0_dnWuQRcLhw9
A	test.6.er/archives/libXau.so.6.0.0_dnWuQRcLhw9
A	test.6.er/archives/libXdmcp.so.6.0.0_dnWuQRcLhw9
A	test.6.er/archives/libXext.so.6.4.0_dnWuQRcLhw9
A	test.6.er/archives/libblas.so.3.9.0_1eKUsC07yK7
A	test.6.er/archives/libboost_program_options.so.1.74.0_dnWuQRcLhw9
A	test.6.er/archives/libbsd.so.0.11.3_dnWuQRcLhw9
A	test.6.er/archives/libc-2.31.so_dnWuQRcLhw9
A	test.6.er/archives/libcollector.so_kN_xj2QRtH5
A	test.6.er/archives/libcuda.so.470.57.02_dnWuQRcLhw9
A	test.6.er/archives/libdl-2.31.so_dnWuQRcLhw9
A	test.6.er/archives/libefa.so.1.1.33.2_dnWuQRcLhw9
A	test.6.er/archives/libevent_core-2.1.so.7.0.1_dnWuQRcLhw9
A	test.6.er/archives/libevent_pthreads-2.1.so.7.0.1_dnWuQRcLhw9
A	test.6.er/archives/libfabric.so.1.14.0_dnWuQRcLhw9
A	test.6.er/archives/libgcc_s.so.1_dnWuQRcLhw9
A	test.6.er/archives/libhwloc.so.15.4.1_dnWuQRcLhw9
A	test.6.er/archives/libibverbs.so.1.11.33.2_dnWuQRcLhw9
A	test.6.er/archives/libicudata.so.67.1_dnWuQRcLhw9
A	test.6.er/archives/libicuuc.so.67.1_dnWuQRcLhw9
A	test.6.er/archives/libinfinipath.so.4.0_dnWuQRcLhw9
A	test.6.er/archives/liblzma.so.5.2.5_dnWuQRcLhw9
A	test.6.er/archives/libm-2.31.so_dnWuQRcLhw9
A	test.6.er/archives/libmca_common_dstore.so.1.0.3_c7fl0BttU88
A	test.6.er/archives/libmca_common_monitoring.so.50.20.0_dnWuQRcLhw9
A	test.6.er/archives/libmca_common_ofi.so.10.0.0_dnWuQRcLhw9
A	test.6.er/archives/libmca_common_sm.so.40.30.0_dnWuQRcLhw9
A	test.6.er/archives/libmd.so.0.0.4_dnWuQRcLhw9
A	test.6.er/archives/libmpi.so.40.30.0_dnWuQRcLhw9
A	test.6.er/archives/libmpi_cxx.so.40.30.0_dnWuQRcLhw9
A	test.6.er/archives/libnl-3.so.200.26.0_dnWuQRcLhw9
A	test.6.er/archives/libnl-route-3.so.200.26.0_dnWuQRcLhw9
A	test.6.er/archives/libnuma.so.1.0.0_dnWuQRcLhw9
A	test.6.er/archives/libnvidia-opencl.so.470.57.02_dnWuQRcLhw9
A	test.6.er/archives/libopen-pal.so.40.30.0_dnWuQRcLhw9
A	test.6.er/archives/libopen-rte.so.40.30.0_dnWuQRcLhw9
A	test.6.er/archives/libpciaccess.so.0.11.1_dnWuQRcLhw9
A	test.6.er/archives/libpmix.so.2.3.0_c7fl0BttU88
A	test.6.er/archives/libpsm2.so.2.2_dnWuQRcLhw9
A	test.6.er/archives/libpsm_infinipath.so.1.16_LW6XUxGbv93
A	test.6.er/archives/libpthread-2.31.so_dnWuQRcLhw9
A	test.6.er/archives/librdmacm.so.1.3.33.2_dnWuQRcLhw9
A	test.6.er/archives/librt-2.31.so_dnWuQRcLhw9
A	test.6.er/archives/libstdc++.so.6.0.28_dnWuQRcLhw9
A	test.6.er/archives/libudev.so.1.7.0_dnWuQRcLhw9
A	test.6.er/archives/libutil-2.31.so_dnWuQRcLhw9
A	test.6.er/archives/libuuid.so.1.3.0_dnWuQRcLhw9
A	test.6.er/archives/libxcb.so.1.1.0_dnWuQRcLhw9
A	test.6.er/archives/libxml2.so.2.9.10_dnWuQRcLhw9
A	test.6.er/archives/libz.so.1.2.11_dnWuQRcLhw9
A	test.6.er/archives/main_Au3fMPV85Vf
A	test.6.er/archives/mca_allocator_basic.so_1fcNkoDIWK0
A	test.6.er/archives/mca_allocator_bucket.so_1fcNkoDIWK0
A	test.6.er/archives/mca_bfrops_v12.so_dU1net7nSj5
A	test.6.er/archives/mca_bfrops_v20.so_dU1net7nSj5
A	test.6.er/archives/mca_bfrops_v21.so_dU1net7nSj5
A	test.6.er/archives/mca_bfrops_v3.so_dU1net7nSj5
A	test.6.er/archives/mca_bfrops_v4.so_dU1net7nSj5
A	test.6.er/archives/mca_bml_r2.so_1fcNkoDIWK0
A	test.6.er/archives/mca_btl_self.so_1fcNkoDIWK0
A	test.6.er/archives/mca_btl_sm.so_1fcNkoDIWK0
A	test.6.er/archives/mca_btl_tcp.so_1fcNkoDIWK0
A	test.6.er/archives/mca_btl_vader.so_1fcNkoDIWK0
A	test.6.er/archives/mca_coll_adapt.so_1fcNkoDIWK0
A	test.6.er/archives/mca_coll_basic.so_1fcNkoDIWK0
A	test.6.er/archives/mca_coll_han.so_1fcNkoDIWK0
A	test.6.er/archives/mca_coll_inter.so_1fcNkoDIWK0
A	test.6.er/archives/mca_coll_libnbc.so_1fcNkoDIWK0
A	test.6.er/archives/mca_coll_monitoring.so_1fcNkoDIWK0
A	test.6.er/archives/mca_coll_self.so_1fcNkoDIWK0
A	test.6.er/archives/mca_coll_sm.so_1fcNkoDIWK0
A	test.6.er/archives/mca_coll_sync.so_1fcNkoDIWK0
A	test.6.er/archives/mca_coll_tuned.so_1fcNkoDIWK0
A	test.6.er/archives/mca_errmgr_default_app.so_1fcNkoDIWK0
A	test.6.er/archives/mca_errmgr_default_hnp.so_1fcNkoDIWK0
A	test.6.er/archives/mca_errmgr_default_orted.so_1fcNkoDIWK0
A	test.6.er/archives/mca_errmgr_default_tool.so_1fcNkoDIWK0
A	test.6.er/archives/mca_ess_hnp.so_1fcNkoDIWK0
A	test.6.er/archives/mca_ess_singleton.so_1fcNkoDIWK0
A	test.6.er/archives/mca_filem_raw.so_1fcNkoDIWK0
A	test.6.er/archives/mca_gds_ds12.so_dU1net7nSj5
A	test.6.er/archives/mca_gds_ds21.so_dU1net7nSj5
A	test.6.er/archives/mca_gds_hash.so_dU1net7nSj5
A	test.6.er/archives/mca_grpcomm_direct.so_1fcNkoDIWK0
A	test.6.er/archives/mca_iof_hnp.so_1fcNkoDIWK0
A	test.6.er/archives/mca_iof_orted.so_1fcNkoDIWK0
A	test.6.er/archives/mca_iof_tool.so_1fcNkoDIWK0
A	test.6.er/archives/mca_mpool_hugepage.so_1fcNkoDIWK0
A	test.6.er/archives/mca_mtl_ofi.so_1fcNkoDIWK0
A	test.6.er/archives/mca_mtl_psm.so_1fcNkoDIWK0
A	test.6.er/archives/mca_mtl_psm2.so_1fcNkoDIWK0
A	test.6.er/archives/mca_odls_default.so_1fcNkoDIWK0
A	test.6.er/archives/mca_odls_pspawn.so_1fcNkoDIWK0
A	test.6.er/archives/mca_oob_tcp.so_1fcNkoDIWK0
A	test.6.er/archives/mca_op_avx.so_1fcNkoDIWK0
A	test.6.er/archives/mca_osc_monitoring.so_1fcNkoDIWK0
A	test.6.er/archives/mca_osc_rdma.so_1fcNkoDIWK0
A	test.6.er/archives/mca_osc_sm.so_1fcNkoDIWK0
A	test.6.er/archives/mca_pcompress_zlib.so_dU1net7nSj5
A	test.6.er/archives/mca_plm_isolated.so_1fcNkoDIWK0
A	test.6.er/archives/mca_plm_rsh.so_1fcNkoDIWK0
A	test.6.er/archives/mca_plm_slurm.so_1fcNkoDIWK0
A	test.6.er/archives/mca_ploc_hwloc.so_dU1net7nSj5
A	test.6.er/archives/mca_plog_default.so_dU1net7nSj5
A	test.6.er/archives/mca_plog_stdfd.so_dU1net7nSj5
A	test.6.er/archives/mca_plog_syslog.so_dU1net7nSj5
A	test.6.er/archives/mca_pmdl_ompi4.so_dU1net7nSj5
A	test.6.er/archives/mca_pmdl_ompi5.so_dU1net7nSj5
A	test.6.er/archives/mca_pmdl_oshmem.so_dU1net7nSj5
A	test.6.er/archives/mca_pmix_ext3x.so_1fcNkoDIWK0
A	test.6.er/archives/mca_pmix_flux.so_1fcNkoDIWK0
A	test.6.er/archives/mca_pml_cm.so_1fcNkoDIWK0
A	test.6.er/archives/mca_pml_monitoring.so_1fcNkoDIWK0
A	test.6.er/archives/mca_pml_ob1.so_1fcNkoDIWK0
A	test.6.er/archives/mca_preg_compress.so_dU1net7nSj5
A	test.6.er/archives/mca_preg_native.so_dU1net7nSj5
A	test.6.er/archives/mca_preg_raw.so_dU1net7nSj5
A	test.6.er/archives/mca_psec_native.so_dU1net7nSj5
A	test.6.er/archives/mca_psec_none.so_dU1net7nSj5
A	test.6.er/archives/mca_psensor_file.so_dU1net7nSj5
A	test.6.er/archives/mca_psensor_heartbeat.so_dU1net7nSj5
A	test.6.er/archives/mca_pshmem_mmap.so_dU1net7nSj5
A	test.6.er/archives/mca_psquash_flex128.so_dU1net7nSj5
A	test.6.er/archives/mca_psquash_native.so_dU1net7nSj5
A	test.6.er/archives/mca_pstat_linux.so_1fcNkoDIWK0
A	test.6.er/archives/mca_ptl_client.so_dU1net7nSj5
A	test.6.er/archives/mca_ptl_server.so_dU1net7nSj5
A	test.6.er/archives/mca_ptl_tool.so_dU1net7nSj5
A	test.6.er/archives/mca_ras_gridengine.so_1fcNkoDIWK0
A	test.6.er/archives/mca_ras_simulator.so_1fcNkoDIWK0
A	test.6.er/archives/mca_ras_slurm.so_1fcNkoDIWK0
A	test.6.er/archives/mca_rcache_grdma.so_1fcNkoDIWK0
A	test.6.er/archives/mca_reachable_netlink.so_1fcNkoDIWK0
A	test.6.er/archives/mca_reachable_weighted.so_1fcNkoDIWK0
A	test.6.er/archives/mca_regx_fwd.so_1fcNkoDIWK0
A	test.6.er/archives/mca_regx_naive.so_1fcNkoDIWK0
A	test.6.er/archives/mca_regx_reverse.so_1fcNkoDIWK0
A	test.6.er/archives/mca_rmaps_mindist.so_1fcNkoDIWK0
A	test.6.er/archives/mca_rmaps_ppr.so_1fcNkoDIWK0
A	test.6.er/archives/mca_rmaps_rank_file.so_1fcNkoDIWK0
A	test.6.er/archives/mca_rmaps_resilient.so_1fcNkoDIWK0
A	test.6.er/archives/mca_rmaps_round_robin.so_1fcNkoDIWK0
A	test.6.er/archives/mca_rmaps_seq.so_1fcNkoDIWK0
A	test.6.er/archives/mca_rml_oob.so_1fcNkoDIWK0
A	test.6.er/archives/mca_routed_binomial.so_1fcNkoDIWK0
A	test.6.er/archives/mca_routed_direct.so_1fcNkoDIWK0
A	test.6.er/archives/mca_routed_radix.so_1fcNkoDIWK0
A	test.6.er/archives/mca_rtc_hwloc.so_1fcNkoDIWK0
A	test.6.er/archives/mca_schizo_flux.so_1fcNkoDIWK0
A	test.6.er/archives/mca_schizo_jsm.so_1fcNkoDIWK0
A	test.6.er/archives/mca_schizo_ompi.so_1fcNkoDIWK0
A	test.6.er/archives/mca_schizo_orte.so_1fcNkoDIWK0
A	test.6.er/archives/mca_schizo_slurm.so_1fcNkoDIWK0
A	test.6.er/archives/mca_shmem_mmap.so_1fcNkoDIWK0
A	test.6.er/archives/mca_shmem_posix.so_1fcNkoDIWK0
A	test.6.er/archives/mca_shmem_sysv.so_1fcNkoDIWK0
A	test.6.er/archives/mca_state_app.so_1fcNkoDIWK0
A	test.6.er/archives/mca_state_hnp.so_1fcNkoDIWK0
A	test.6.er/archives/mca_state_novm.so_1fcNkoDIWK0
A	test.6.er/archives/mca_state_orted.so_1fcNkoDIWK0
A	test.6.er/archives/mca_state_tool.so_1fcNkoDIWK0
A	test.6.er/archives/mca_vprotocol_pessimist.so_1fcNkoDIWK0
A	test.6.er/archives/orted_UHyILZt997d
A	test.6.er/data.frameinfo
A	test.6.er/dyntext
A	test.6.er/er_archive.log
A	test.6.er/jclasses
A	test.6.er/log.xml
A	test.6.er/map.xml
A	test.6.er/overview
A	test.6.er/profile
A	test.7.er/_f1.er/data.frameinfo
A	test.7.er/_f1.er/dyntext
A	test.7.er/_f1.er/jclasses
A	test.7.er/_f1.er/log.xml
A	test.7.er/_f1.er/map.xml
A	test.7.er/_f1.er/overview
A	test.7.er/_f1.er/profile
A	test.7.er/_f2.er/data.frameinfo
A	test.7.er/_f2.er/dyntext
A	test.7.er/_f2.er/jclasses
A	test.7.er/_f2.er/log.xml
A	test.7.er/_f2.er/map.xml
A	test.7.er/_f2.er/overview
A	test.7.er/_f2.er/profile
A	test.7.er/_f3.er/data.frameinfo
A	test.7.er/_f3.er/dyntext
A	test.7.er/_f3.er/jclasses
A	test.7.er/_f3.er/log.xml
A	test.7.er/_f3.er/map.xml
A	test.7.er/_f3.er/overview
A	test.7.er/_f3.er/profile
A	test.7.er/_f4.er/data.frameinfo
A	test.7.er/_f4.er/dyntext
A	test.7.er/_f4.er/jclasses
A	test.7.er/_f4.er/log.xml
A	test.7.er/_f4.er/map.xml
A	test.7.er/_f4.er/overview
A	test.7.er/_f4.er/profile
A	test.7.er/_f5.er/data.frameinfo
A	test.7.er/_f5.er/dyntext
A	test.7.er/_f5.er/jclasses
A	test.7.er/_f5.er/log.xml
A	test.7.er/_f5.er/map.xml
A	test.7.er/_f5.er/overview
A	test.7.er/_f5.er/profile
A	test.7.er/_f6.er/data.frameinfo
A	test.7.er/_f6.er/dyntext
A	test.7.er/_f6.er/jclasses
A	test.7.er/_f6.er/log.xml
A	test.7.er/_f6.er/map.xml
A	test.7.er/_f6.er/overview
A	test.7.er/_f6.er/profile
A	test.7.er/_f7.er/data.frameinfo
A	test.7.er/_f7.er/dyntext
A	test.7.er/_f7.er/jclasses
A	test.7.er/_f7.er/log.xml
A	test.7.er/_f7.er/map.xml
A	test.7.er/_f7.er/overview
A	test.7.er/_f7.er/profile
A	test.7.er/_f8.er/data.frameinfo
A	test.7.er/_f8.er/dyntext
A	test.7.er/_f8.er/jclasses
A	test.7.er/_f8.er/log.xml
A	test.7.er/_f8.er/map.xml
A	test.7.er/_f8.er/overview
A	test.7.er/_f8.er/profile
A	test.7.er/_x1.er/data.frameinfo
A	test.7.er/_x1.er/dyntext
A	test.7.er/_x1.er/er_archive.log
A	test.7.er/_x1.er/jclasses
A	test.7.er/_x1.er/log.xml
A	test.7.er/_x1.er/map.xml
A	test.7.er/_x1.er/overview
A	test.7.er/_x1.er/profile
A	test.7.er/_x2.er/data.frameinfo
A	test.7.er/_x2.er/dyntext
A	test.7.er/_x2.er/er_archive.log
A	test.7.er/_x2.er/jclasses
A	test.7.er/_x2.er/log.xml
A	test.7.er/_x2.er/map.xml
A	test.7.er/_x2.er/overview
A	test.7.er/_x2.er/profile
A	test.7.er/_x3.er/data.frameinfo
A	test.7.er/_x3.er/dyntext
A	test.7.er/_x3.er/er_archive.log
A	test.7.er/_x3.er/jclasses
A	test.7.er/_x3.er/log.xml
A	test.7.er/_x3.er/map.xml
A	test.7.er/_x3.er/overview
A	test.7.er/_x3.er/profile
A	test.7.er/_x4.er/data.frameinfo
A	test.7.er/_x4.er/dyntext
A	test.7.er/_x4.er/er_archive.log
A	test.7.er/_x4.er/jclasses
A	test.7.er/_x4.er/log.xml
A	test.7.er/_x4.er/map.xml
A	test.7.er/_x4.er/overview
A	test.7.er/_x4.er/profile
A	test.7.er/_x5.er/data.frameinfo
A	test.7.er/_x5.er/dyntext
A	test.7.er/_x5.er/er_archive.log
A	test.7.er/_x5.er/jclasses
A	test.7.er/_x5.er/log.xml
A	test.7.er/_x5.er/map.xml
A	test.7.er/_x5.er/overview
A	test.7.er/_x5.er/profile
A	test.7.er/_x6.er/data.frameinfo
A	test.7.er/_x6.er/dyntext
A	test.7.er/_x6.er/er_archive.log
A	test.7.er/_x6.er/jclasses
A	test.7.er/_x6.er/log.xml
A	test.7.er/_x6.er/map.xml
A	test.7.er/_x6.er/overview
A	test.7.er/_x6.er/profile
A	test.7.er/_x7.er/data.frameinfo
A	test.7.er/_x7.er/dyntext
A	test.7.er/_x7.er/er_archive.log
A	test.7.er/_x7.er/jclasses
A	test.7.er/_x7.er/log.xml
A	test.7.er/_x7.er/map.xml
A	test.7.er/_x7.er/overview
A	test.7.er/_x7.er/profile
A	test.7.er/_x8.er/data.frameinfo
A	test.7.er/_x8.er/dyntext
A	test.7.er/_x8.er/er_archive.log
A	test.7.er/_x8.er/jclasses
A	test.7.er/_x8.er/log.xml
A	test.7.er/_x8.er/map.xml
A	test.7.er/_x8.er/overview
A	test.7.er/_x8.er/profile
A	test.7.er/archives/hwloc_gl.so_IicRzkXVc9a
A	test.7.er/archives/hwloc_opencl.so_IicRzkXVc9a
A	test.7.er/archives/hwloc_pci.so_IicRzkXVc9a
A	test.7.er/archives/hwloc_xml_libxml.so_IicRzkXVc9a
A	test.7.er/archives/ld-2.31.so_dnWuQRcLhw9
A	test.7.er/archives/libOpenCL.so.1.0.0_dnWuQRcLhw9
A	test.7.er/archives/libX11.so.6.4.0_dnWuQRcLhw9
A	test.7.er/archives/libXNVCtrl.so.0.0.0_dnWuQRcLhw9
A	test.7.er/archives/libXau.so.6.0.0_dnWuQRcLhw9
A	test.7.er/archives/libXdmcp.so.6.0.0_dnWuQRcLhw9
A	test.7.er/archives/libXext.so.6.4.0_dnWuQRcLhw9
A	test.7.er/archives/libblas.so.3.9.0_1eKUsC07yK7
A	test.7.er/archives/libboost_program_options.so.1.74.0_dnWuQRcLhw9
A	test.7.er/archives/libbsd.so.0.11.3_dnWuQRcLhw9
A	test.7.er/archives/libc-2.31.so_dnWuQRcLhw9
A	test.7.er/archives/libcollector.so_kN_xj2QRtH5
A	test.7.er/archives/libcuda.so.470.57.02_dnWuQRcLhw9
A	test.7.er/archives/libdl-2.31.so_dnWuQRcLhw9
A	test.7.er/archives/libefa.so.1.1.33.2_dnWuQRcLhw9
A	test.7.er/archives/libevent_core-2.1.so.7.0.1_dnWuQRcLhw9
A	test.7.er/archives/libevent_pthreads-2.1.so.7.0.1_dnWuQRcLhw9
A	test.7.er/archives/libfabric.so.1.14.0_dnWuQRcLhw9
A	test.7.er/archives/libgcc_s.so.1_dnWuQRcLhw9
A	test.7.er/archives/libhwloc.so.15.4.1_dnWuQRcLhw9
A	test.7.er/archives/libibverbs.so.1.11.33.2_dnWuQRcLhw9
A	test.7.er/archives/libicudata.so.67.1_dnWuQRcLhw9
A	test.7.er/archives/libicuuc.so.67.1_dnWuQRcLhw9
A	test.7.er/archives/libinfinipath.so.4.0_dnWuQRcLhw9
A	test.7.er/archives/liblzma.so.5.2.5_dnWuQRcLhw9
A	test.7.er/archives/libm-2.31.so_dnWuQRcLhw9
A	test.7.er/archives/libmca_common_dstore.so.1.0.3_c7fl0BttU88
A	test.7.er/archives/libmca_common_monitoring.so.50.20.0_dnWuQRcLhw9
A	test.7.er/archives/libmca_common_ofi.so.10.0.0_dnWuQRcLhw9
A	test.7.er/archives/libmca_common_sm.so.40.30.0_dnWuQRcLhw9
A	test.7.er/archives/libmd.so.0.0.4_dnWuQRcLhw9
A	test.7.er/archives/libmpi.so.40.30.0_dnWuQRcLhw9
A	test.7.er/archives/libmpi_cxx.so.40.30.0_dnWuQRcLhw9
A	test.7.er/archives/libnl-3.so.200.26.0_dnWuQRcLhw9
A	test.7.er/archives/libnl-route-3.so.200.26.0_dnWuQRcLhw9
A	test.7.er/archives/libnuma.so.1.0.0_dnWuQRcLhw9
A	test.7.er/archives/libnvidia-opencl.so.470.57.02_dnWuQRcLhw9
A	test.7.er/archives/libopen-pal.so.40.30.0_dnWuQRcLhw9
A	test.7.er/archives/libopen-rte.so.40.30.0_dnWuQRcLhw9
A	test.7.er/archives/libpciaccess.so.0.11.1_dnWuQRcLhw9
A	test.7.er/archives/libpmix.so.2.3.0_c7fl0BttU88
A	test.7.er/archives/libpsm2.so.2.2_dnWuQRcLhw9
A	test.7.er/archives/libpsm_infinipath.so.1.16_LW6XUxGbv93
A	test.7.er/archives/libpthread-2.31.so_dnWuQRcLhw9
A	test.7.er/archives/librdmacm.so.1.3.33.2_dnWuQRcLhw9
A	test.7.er/archives/librt-2.31.so_dnWuQRcLhw9
A	test.7.er/archives/libstdc++.so.6.0.28_dnWuQRcLhw9
A	test.7.er/archives/libudev.so.1.7.0_dnWuQRcLhw9
A	test.7.er/archives/libutil-2.31.so_dnWuQRcLhw9
A	test.7.er/archives/libuuid.so.1.3.0_dnWuQRcLhw9
A	test.7.er/archives/libxcb.so.1.1.0_dnWuQRcLhw9
A	test.7.er/archives/libxml2.so.2.9.10_dnWuQRcLhw9
A	test.7.er/archives/libz.so.1.2.11_dnWuQRcLhw9
A	test.7.er/archives/main_Au3fMPV85Vf
A	test.7.er/archives/mca_allocator_basic.so_1fcNkoDIWK0
A	test.7.er/archives/mca_allocator_bucket.so_1fcNkoDIWK0
A	test.7.er/archives/mca_bfrops_v12.so_dU1net7nSj5
A	test.7.er/archives/mca_bfrops_v20.so_dU1net7nSj5
A	test.7.er/archives/mca_bfrops_v21.so_dU1net7nSj5
A	test.7.er/archives/mca_bfrops_v3.so_dU1net7nSj5
A	test.7.er/archives/mca_bfrops_v4.so_dU1net7nSj5
A	test.7.er/archives/mca_bml_r2.so_1fcNkoDIWK0
A	test.7.er/archives/mca_btl_self.so_1fcNkoDIWK0
A	test.7.er/archives/mca_btl_sm.so_1fcNkoDIWK0
A	test.7.er/archives/mca_btl_tcp.so_1fcNkoDIWK0
A	test.7.er/archives/mca_btl_vader.so_1fcNkoDIWK0
A	test.7.er/archives/mca_coll_adapt.so_1fcNkoDIWK0
A	test.7.er/archives/mca_coll_basic.so_1fcNkoDIWK0
A	test.7.er/archives/mca_coll_han.so_1fcNkoDIWK0
A	test.7.er/archives/mca_coll_inter.so_1fcNkoDIWK0
A	test.7.er/archives/mca_coll_libnbc.so_1fcNkoDIWK0
A	test.7.er/archives/mca_coll_monitoring.so_1fcNkoDIWK0
A	test.7.er/archives/mca_coll_self.so_1fcNkoDIWK0
A	test.7.er/archives/mca_coll_sm.so_1fcNkoDIWK0
A	test.7.er/archives/mca_coll_sync.so_1fcNkoDIWK0
A	test.7.er/archives/mca_coll_tuned.so_1fcNkoDIWK0
A	test.7.er/archives/mca_errmgr_default_app.so_1fcNkoDIWK0
A	test.7.er/archives/mca_errmgr_default_hnp.so_1fcNkoDIWK0
A	test.7.er/archives/mca_errmgr_default_orted.so_1fcNkoDIWK0
A	test.7.er/archives/mca_errmgr_default_tool.so_1fcNkoDIWK0
A	test.7.er/archives/mca_ess_env.so_1fcNkoDIWK0
A	test.7.er/archives/mca_ess_hnp.so_1fcNkoDIWK0
A	test.7.er/archives/mca_ess_pmi.so_1fcNkoDIWK0
A	test.7.er/archives/mca_ess_singleton.so_1fcNkoDIWK0
A	test.7.er/archives/mca_ess_slurm.so_1fcNkoDIWK0
A	test.7.er/archives/mca_ess_tool.so_1fcNkoDIWK0
A	test.7.er/archives/mca_filem_raw.so_1fcNkoDIWK0
A	test.7.er/archives/mca_gds_ds12.so_dU1net7nSj5
A	test.7.er/archives/mca_gds_ds21.so_dU1net7nSj5
A	test.7.er/archives/mca_gds_hash.so_dU1net7nSj5
A	test.7.er/archives/mca_grpcomm_direct.so_1fcNkoDIWK0
A	test.7.er/archives/mca_iof_hnp.so_1fcNkoDIWK0
A	test.7.er/archives/mca_iof_orted.so_1fcNkoDIWK0
A	test.7.er/archives/mca_iof_tool.so_1fcNkoDIWK0
A	test.7.er/archives/mca_mpool_hugepage.so_1fcNkoDIWK0
A	test.7.er/archives/mca_mtl_ofi.so_1fcNkoDIWK0
A	test.7.er/archives/mca_mtl_psm.so_1fcNkoDIWK0
A	test.7.er/archives/mca_mtl_psm2.so_1fcNkoDIWK0
A	test.7.er/archives/mca_odls_default.so_1fcNkoDIWK0
A	test.7.er/archives/mca_odls_pspawn.so_1fcNkoDIWK0
A	test.7.er/archives/mca_oob_tcp.so_1fcNkoDIWK0
A	test.7.er/archives/mca_op_avx.so_1fcNkoDIWK0
A	test.7.er/archives/mca_osc_monitoring.so_1fcNkoDIWK0
A	test.7.er/archives/mca_osc_rdma.so_1fcNkoDIWK0
A	test.7.er/archives/mca_osc_sm.so_1fcNkoDIWK0
A	test.7.er/archives/mca_pcompress_zlib.so_dU1net7nSj5
A	test.7.er/archives/mca_plm_isolated.so_1fcNkoDIWK0
A	test.7.er/archives/mca_plm_rsh.so_1fcNkoDIWK0
A	test.7.er/archives/mca_plm_slurm.so_1fcNkoDIWK0
A	test.7.er/archives/mca_ploc_hwloc.so_dU1net7nSj5
A	test.7.er/archives/mca_plog_default.so_dU1net7nSj5
A	test.7.er/archives/mca_plog_stdfd.so_dU1net7nSj5
A	test.7.er/archives/mca_plog_syslog.so_dU1net7nSj5
A	test.7.er/archives/mca_pmdl_ompi4.so_dU1net7nSj5
A	test.7.er/archives/mca_pmdl_ompi5.so_dU1net7nSj5
A	test.7.er/archives/mca_pmdl_oshmem.so_dU1net7nSj5
A	test.7.er/archives/mca_pmix_ext3x.so_1fcNkoDIWK0
A	test.7.er/archives/mca_pmix_flux.so_1fcNkoDIWK0
A	test.7.er/archives/mca_pml_cm.so_1fcNkoDIWK0
A	test.7.er/archives/mca_pml_monitoring.so_1fcNkoDIWK0
A	test.7.er/archives/mca_pml_ob1.so_1fcNkoDIWK0
A	test.7.er/archives/mca_preg_compress.so_dU1net7nSj5
A	test.7.er/archives/mca_preg_native.so_dU1net7nSj5
A	test.7.er/archives/mca_preg_raw.so_dU1net7nSj5
A	test.7.er/archives/mca_psec_native.so_dU1net7nSj5
A	test.7.er/archives/mca_psec_none.so_dU1net7nSj5
A	test.7.er/archives/mca_psensor_file.so_dU1net7nSj5
A	test.7.er/archives/mca_psensor_heartbeat.so_dU1net7nSj5
A	test.7.er/archives/mca_pshmem_mmap.so_dU1net7nSj5
A	test.7.er/archives/mca_psquash_flex128.so_dU1net7nSj5
A	test.7.er/archives/mca_psquash_native.so_dU1net7nSj5
A	test.7.er/archives/mca_pstat_linux.so_1fcNkoDIWK0
A	test.7.er/archives/mca_ptl_client.so_dU1net7nSj5
A	test.7.er/archives/mca_ptl_server.so_dU1net7nSj5
A	test.7.er/archives/mca_ptl_tool.so_dU1net7nSj5
A	test.7.er/archives/mca_ras_gridengine.so_1fcNkoDIWK0
A	test.7.er/archives/mca_ras_simulator.so_1fcNkoDIWK0
A	test.7.er/archives/mca_ras_slurm.so_1fcNkoDIWK0
A	test.7.er/archives/mca_rcache_grdma.so_1fcNkoDIWK0
A	test.7.er/archives/mca_reachable_netlink.so_1fcNkoDIWK0
A	test.7.er/archives/mca_reachable_weighted.so_1fcNkoDIWK0
A	test.7.er/archives/mca_regx_fwd.so_1fcNkoDIWK0
A	test.7.er/archives/mca_regx_naive.so_1fcNkoDIWK0
A	test.7.er/archives/mca_regx_reverse.so_1fcNkoDIWK0
A	test.7.er/archives/mca_rmaps_mindist.so_1fcNkoDIWK0
A	test.7.er/archives/mca_rmaps_ppr.so_1fcNkoDIWK0
A	test.7.er/archives/mca_rmaps_rank_file.so_1fcNkoDIWK0
A	test.7.er/archives/mca_rmaps_resilient.so_1fcNkoDIWK0
A	test.7.er/archives/mca_rmaps_round_robin.so_1fcNkoDIWK0
A	test.7.er/archives/mca_rmaps_seq.so_1fcNkoDIWK0
A	test.7.er/archives/mca_rml_oob.so_1fcNkoDIWK0
A	test.7.er/archives/mca_routed_binomial.so_1fcNkoDIWK0
A	test.7.er/archives/mca_routed_direct.so_1fcNkoDIWK0
A	test.7.er/archives/mca_routed_radix.so_1fcNkoDIWK0
A	test.7.er/archives/mca_rtc_hwloc.so_1fcNkoDIWK0
A	test.7.er/archives/mca_schizo_flux.so_1fcNkoDIWK0
A	test.7.er/archives/mca_schizo_jsm.so_1fcNkoDIWK0
A	test.7.er/archives/mca_schizo_ompi.so_1fcNkoDIWK0
A	test.7.er/archives/mca_schizo_orte.so_1fcNkoDIWK0
A	test.7.er/archives/mca_schizo_slurm.so_1fcNkoDIWK0
A	test.7.er/archives/mca_shmem_mmap.so_1fcNkoDIWK0
A	test.7.er/archives/mca_shmem_posix.so_1fcNkoDIWK0
A	test.7.er/archives/mca_shmem_sysv.so_1fcNkoDIWK0
A	test.7.er/archives/mca_state_app.so_1fcNkoDIWK0
A	test.7.er/archives/mca_state_hnp.so_1fcNkoDIWK0
A	test.7.er/archives/mca_state_novm.so_1fcNkoDIWK0
A	test.7.er/archives/mca_state_orted.so_1fcNkoDIWK0
A	test.7.er/archives/mca_state_tool.so_1fcNkoDIWK0
A	test.7.er/archives/mca_vprotocol_pessimist.so_1fcNkoDIWK0
A	test.7.er/archives/orterun_UHyILZt997d
A	test.7.er/data.frameinfo
A	test.7.er/dyntext
A	test.7.er/er_archive.log
A	test.7.er/jclasses
A	test.7.er/log.xml
A	test.7.er/map.xml
A	test.7.er/overview
A	test.7.er/profile
A	test.8.er/_f1.er/data.frameinfo
A	test.8.er/_f1.er/dyntext
A	test.8.er/_f1.er/jclasses
A	test.8.er/_f1.er/log.xml
A	test.8.er/_f1.er/map.xml
A	test.8.er/_f1.er/overview
A	test.8.er/_f1.er/profile
A	test.8.er/_f2.er/data.frameinfo
A	test.8.er/_f2.er/dyntext
A	test.8.er/_f2.er/jclasses
A	test.8.er/_f2.er/log.xml
A	test.8.er/_f2.er/map.xml
A	test.8.er/_f2.er/overview
A	test.8.er/_f2.er/profile
A	test.8.er/_f3.er/data.frameinfo
A	test.8.er/_f3.er/dyntext
A	test.8.er/_f3.er/jclasses
A	test.8.er/_f3.er/log.xml
A	test.8.er/_f3.er/map.xml
A	test.8.er/_f3.er/overview
A	test.8.er/_f3.er/profile
A	test.8.er/_f4.er/data.frameinfo
A	test.8.er/_f4.er/dyntext
A	test.8.er/_f4.er/jclasses
A	test.8.er/_f4.er/log.xml
A	test.8.er/_f4.er/map.xml
A	test.8.er/_f4.er/overview
A	test.8.er/_f4.er/profile
A	test.8.er/_f5.er/data.frameinfo
A	test.8.er/_f5.er/dyntext
A	test.8.er/_f5.er/jclasses
A	test.8.er/_f5.er/log.xml
A	test.8.er/_f5.er/map.xml
A	test.8.er/_f5.er/overview
A	test.8.er/_f5.er/profile
A	test.8.er/_f6.er/data.frameinfo
A	test.8.er/_f6.er/dyntext
A	test.8.er/_f6.er/jclasses
A	test.8.er/_f6.er/log.xml
A	test.8.er/_f6.er/map.xml
A	test.8.er/_f6.er/overview
A	test.8.er/_f6.er/profile
A	test.8.er/_f7.er/data.frameinfo
A	test.8.er/_f7.er/dyntext
A	test.8.er/_f7.er/jclasses
A	test.8.er/_f7.er/log.xml
A	test.8.er/_f7.er/map.xml
A	test.8.er/_f7.er/overview
A	test.8.er/_f7.er/profile
A	test.8.er/_f8.er/data.frameinfo
A	test.8.er/_f8.er/dyntext
A	test.8.er/_f8.er/jclasses
A	test.8.er/_f8.er/log.xml
A	test.8.er/_f8.er/map.xml
A	test.8.er/_f8.er/overview
A	test.8.er/_f8.er/profile
A	test.8.er/_x1.er/data.frameinfo
A	test.8.er/_x1.er/dyntext
A	test.8.er/_x1.er/er_archive.log
A	test.8.er/_x1.er/jclasses
A	test.8.er/_x1.er/log.xml
A	test.8.er/_x1.er/map.xml
A	test.8.er/_x1.er/overview
A	test.8.er/_x1.er/profile
A	test.8.er/_x2.er/data.frameinfo
A	test.8.er/_x2.er/dyntext
A	test.8.er/_x2.er/er_archive.log
A	test.8.er/_x2.er/jclasses
A	test.8.er/_x2.er/log.xml
A	test.8.er/_x2.er/map.xml
A	test.8.er/_x2.er/overview
A	test.8.er/_x2.er/profile
A	test.8.er/_x3.er/data.frameinfo
A	test.8.er/_x3.er/dyntext
A	test.8.er/_x3.er/er_archive.log
A	test.8.er/_x3.er/jclasses
A	test.8.er/_x3.er/log.xml
A	test.8.er/_x3.er/map.xml
A	test.8.er/_x3.er/overview
A	test.8.er/_x3.er/profile
A	test.8.er/_x4.er/data.frameinfo
A	test.8.er/_x4.er/dyntext
A	test.8.er/_x4.er/er_archive.log
A	test.8.er/_x4.er/jclasses
A	test.8.er/_x4.er/log.xml
A	test.8.er/_x4.er/map.xml
A	test.8.er/_x4.er/overview
A	test.8.er/_x4.er/profile
A	test.8.er/_x5.er/data.frameinfo
A	test.8.er/_x5.er/dyntext
A	test.8.er/_x5.er/er_archive.log
A	test.8.er/_x5.er/jclasses
A	test.8.er/_x5.er/log.xml
A	test.8.er/_x5.er/map.xml
A	test.8.er/_x5.er/overview
A	test.8.er/_x5.er/profile
A	test.8.er/_x6.er/data.frameinfo
A	test.8.er/_x6.er/dyntext
A	test.8.er/_x6.er/er_archive.log
A	test.8.er/_x6.er/jclasses
A	test.8.er/_x6.er/log.xml
A	test.8.er/_x6.er/map.xml
A	test.8.er/_x6.er/overview
A	test.8.er/_x6.er/profile
A	test.8.er/_x7.er/data.frameinfo
A	test.8.er/_x7.er/dyntext
A	test.8.er/_x7.er/er_archive.log
A	test.8.er/_x7.er/jclasses
A	test.8.er/_x7.er/log.xml
A	test.8.er/_x7.er/map.xml
A	test.8.er/_x7.er/overview
A	test.8.er/_x7.er/profile
A	test.8.er/_x8.er/data.frameinfo
A	test.8.er/_x8.er/dyntext
A	test.8.er/_x8.er/er_archive.log
A	test.8.er/_x8.er/jclasses
A	test.8.er/_x8.er/log.xml
A	test.8.er/_x8.er/map.xml
A	test.8.er/_x8.er/overview
A	test.8.er/_x8.er/profile
A	test.8.er/archives/hwloc_gl.so_IicRzkXVc9a
A	test.8.er/archives/hwloc_opencl.so_IicRzkXVc9a
A	test.8.er/archives/hwloc_pci.so_IicRzkXVc9a
A	test.8.er/archives/hwloc_xml_libxml.so_IicRzkXVc9a
A	test.8.er/archives/ld-2.31.so_dnWuQRcLhw9
A	test.8.er/archives/libOpenCL.so.1.0.0_dnWuQRcLhw9
A	test.8.er/archives/libX11.so.6.4.0_dnWuQRcLhw9
A	test.8.er/archives/libXNVCtrl.so.0.0.0_dnWuQRcLhw9
A	test.8.er/archives/libXau.so.6.0.0_dnWuQRcLhw9
A	test.8.er/archives/libXdmcp.so.6.0.0_dnWuQRcLhw9
A	test.8.er/archives/libXext.so.6.4.0_dnWuQRcLhw9
A	test.8.er/archives/libblas.so.3.9.0_1eKUsC07yK7
A	test.8.er/archives/libboost_program_options.so.1.74.0_dnWuQRcLhw9
A	test.8.er/archives/libbsd.so.0.11.3_dnWuQRcLhw9
A	test.8.er/archives/libc-2.31.so_dnWuQRcLhw9
A	test.8.er/archives/libcollector.so_kN_xj2QRtH5
A	test.8.er/archives/libcuda.so.470.57.02_dnWuQRcLhw9
A	test.8.er/archives/libdl-2.31.so_dnWuQRcLhw9
A	test.8.er/archives/libefa.so.1.1.33.2_dnWuQRcLhw9
A	test.8.er/archives/libevent_core-2.1.so.7.0.1_dnWuQRcLhw9
A	test.8.er/archives/libevent_pthreads-2.1.so.7.0.1_dnWuQRcLhw9
A	test.8.er/archives/libfabric.so.1.14.0_dnWuQRcLhw9
A	test.8.er/archives/libgcc_s.so.1_dnWuQRcLhw9
A	test.8.er/archives/libhwloc.so.15.4.1_dnWuQRcLhw9
A	test.8.er/archives/libibverbs.so.1.11.33.2_dnWuQRcLhw9
A	test.8.er/archives/libicudata.so.67.1_dnWuQRcLhw9
A	test.8.er/archives/libicuuc.so.67.1_dnWuQRcLhw9
A	test.8.er/archives/libinfinipath.so.4.0_dnWuQRcLhw9
A	test.8.er/archives/liblzma.so.5.2.5_dnWuQRcLhw9
A	test.8.er/archives/libm-2.31.so_dnWuQRcLhw9
A	test.8.er/archives/libmca_common_dstore.so.1.0.3_c7fl0BttU88
A	test.8.er/archives/libmca_common_monitoring.so.50.20.0_dnWuQRcLhw9
A	test.8.er/archives/libmca_common_ofi.so.10.0.0_dnWuQRcLhw9
A	test.8.er/archives/libmca_common_sm.so.40.30.0_dnWuQRcLhw9
A	test.8.er/archives/libmd.so.0.0.4_dnWuQRcLhw9
A	test.8.er/archives/libmpi.so.40.30.0_dnWuQRcLhw9
A	test.8.er/archives/libmpi_cxx.so.40.30.0_dnWuQRcLhw9
A	test.8.er/archives/libnl-3.so.200.26.0_dnWuQRcLhw9
A	test.8.er/archives/libnl-route-3.so.200.26.0_dnWuQRcLhw9
A	test.8.er/archives/libnuma.so.1.0.0_dnWuQRcLhw9
A	test.8.er/archives/libnvidia-opencl.so.470.57.02_dnWuQRcLhw9
A	test.8.er/archives/libopen-pal.so.40.30.0_dnWuQRcLhw9
A	test.8.er/archives/libopen-rte.so.40.30.0_dnWuQRcLhw9
A	test.8.er/archives/libpciaccess.so.0.11.1_dnWuQRcLhw9
A	test.8.er/archives/libpmix.so.2.3.0_c7fl0BttU88
A	test.8.er/archives/libpsm2.so.2.2_dnWuQRcLhw9
A	test.8.er/archives/libpsm_infinipath.so.1.16_LW6XUxGbv93
A	test.8.er/archives/libpthread-2.31.so_dnWuQRcLhw9
A	test.8.er/archives/librdmacm.so.1.3.33.2_dnWuQRcLhw9
A	test.8.er/archives/librt-2.31.so_dnWuQRcLhw9
A	test.8.er/archives/libstdc++.so.6.0.28_dnWuQRcLhw9
A	test.8.er/archives/libudev.so.1.7.0_dnWuQRcLhw9
A	test.8.er/archives/libutil-2.31.so_dnWuQRcLhw9
A	test.8.er/archives/libuuid.so.1.3.0_dnWuQRcLhw9
A	test.8.er/archives/libxcb.so.1.1.0_dnWuQRcLhw9
A	test.8.er/archives/libxml2.so.2.9.10_dnWuQRcLhw9
A	test.8.er/archives/libz.so.1.2.11_dnWuQRcLhw9
A	test.8.er/archives/main_Au3fMPV85Vf
A	test.8.er/archives/mca_allocator_basic.so_1fcNkoDIWK0
A	test.8.er/archives/mca_allocator_bucket.so_1fcNkoDIWK0
A	test.8.er/archives/mca_bfrops_v12.so_dU1net7nSj5
A	test.8.er/archives/mca_bfrops_v20.so_dU1net7nSj5
A	test.8.er/archives/mca_bfrops_v21.so_dU1net7nSj5
A	test.8.er/archives/mca_bfrops_v3.so_dU1net7nSj5
A	test.8.er/archives/mca_bfrops_v4.so_dU1net7nSj5
A	test.8.er/archives/mca_bml_r2.so_1fcNkoDIWK0
A	test.8.er/archives/mca_btl_self.so_1fcNkoDIWK0
A	test.8.er/archives/mca_btl_sm.so_1fcNkoDIWK0
A	test.8.er/archives/mca_btl_tcp.so_1fcNkoDIWK0
A	test.8.er/archives/mca_btl_vader.so_1fcNkoDIWK0
A	test.8.er/archives/mca_coll_adapt.so_1fcNkoDIWK0
A	test.8.er/archives/mca_coll_basic.so_1fcNkoDIWK0
A	test.8.er/archives/mca_coll_han.so_1fcNkoDIWK0
A	test.8.er/archives/mca_coll_inter.so_1fcNkoDIWK0
A	test.8.er/archives/mca_coll_libnbc.so_1fcNkoDIWK0
A	test.8.er/archives/mca_coll_monitoring.so_1fcNkoDIWK0
A	test.8.er/archives/mca_coll_self.so_1fcNkoDIWK0
A	test.8.er/archives/mca_coll_sm.so_1fcNkoDIWK0
A	test.8.er/archives/mca_coll_sync.so_1fcNkoDIWK0
A	test.8.er/archives/mca_coll_tuned.so_1fcNkoDIWK0
A	test.8.er/archives/mca_errmgr_default_app.so_1fcNkoDIWK0
A	test.8.er/archives/mca_errmgr_default_hnp.so_1fcNkoDIWK0
A	test.8.er/archives/mca_errmgr_default_orted.so_1fcNkoDIWK0
A	test.8.er/archives/mca_errmgr_default_tool.so_1fcNkoDIWK0
A	test.8.er/archives/mca_ess_env.so_1fcNkoDIWK0
A	test.8.er/archives/mca_ess_hnp.so_1fcNkoDIWK0
A	test.8.er/archives/mca_ess_pmi.so_1fcNkoDIWK0
A	test.8.er/archives/mca_ess_singleton.so_1fcNkoDIWK0
A	test.8.er/archives/mca_ess_slurm.so_1fcNkoDIWK0
A	test.8.er/archives/mca_ess_tool.so_1fcNkoDIWK0
A	test.8.er/archives/mca_filem_raw.so_1fcNkoDIWK0
A	test.8.er/archives/mca_gds_ds12.so_dU1net7nSj5
A	test.8.er/archives/mca_gds_ds21.so_dU1net7nSj5
A	test.8.er/archives/mca_gds_hash.so_dU1net7nSj5
A	test.8.er/archives/mca_grpcomm_direct.so_1fcNkoDIWK0
A	test.8.er/archives/mca_iof_hnp.so_1fcNkoDIWK0
A	test.8.er/archives/mca_iof_orted.so_1fcNkoDIWK0
A	test.8.er/archives/mca_iof_tool.so_1fcNkoDIWK0
A	test.8.er/archives/mca_mpool_hugepage.so_1fcNkoDIWK0
A	test.8.er/archives/mca_mtl_ofi.so_1fcNkoDIWK0
A	test.8.er/archives/mca_mtl_psm.so_1fcNkoDIWK0
A	test.8.er/archives/mca_mtl_psm2.so_1fcNkoDIWK0
A	test.8.er/archives/mca_odls_default.so_1fcNkoDIWK0
A	test.8.er/archives/mca_odls_pspawn.so_1fcNkoDIWK0
A	test.8.er/archives/mca_oob_tcp.so_1fcNkoDIWK0
A	test.8.er/archives/mca_op_avx.so_1fcNkoDIWK0
A	test.8.er/archives/mca_osc_monitoring.so_1fcNkoDIWK0
A	test.8.er/archives/mca_osc_rdma.so_1fcNkoDIWK0
A	test.8.er/archives/mca_osc_sm.so_1fcNkoDIWK0
A	test.8.er/archives/mca_pcompress_zlib.so_dU1net7nSj5
A	test.8.er/archives/mca_plm_isolated.so_1fcNkoDIWK0
A	test.8.er/archives/mca_plm_rsh.so_1fcNkoDIWK0
A	test.8.er/archives/mca_plm_slurm.so_1fcNkoDIWK0
A	test.8.er/archives/mca_ploc_hwloc.so_dU1net7nSj5
A	test.8.er/archives/mca_plog_default.so_dU1net7nSj5
A	test.8.er/archives/mca_plog_stdfd.so_dU1net7nSj5
A	test.8.er/archives/mca_plog_syslog.so_dU1net7nSj5
A	test.8.er/archives/mca_pmdl_ompi4.so_dU1net7nSj5
A	test.8.er/archives/mca_pmdl_ompi5.so_dU1net7nSj5
A	test.8.er/archives/mca_pmdl_oshmem.so_dU1net7nSj5
A	test.8.er/archives/mca_pmix_ext3x.so_1fcNkoDIWK0
A	test.8.er/archives/mca_pmix_flux.so_1fcNkoDIWK0
A	test.8.er/archives/mca_pml_cm.so_1fcNkoDIWK0
A	test.8.er/archives/mca_pml_monitoring.so_1fcNkoDIWK0
A	test.8.er/archives/mca_pml_ob1.so_1fcNkoDIWK0
A	test.8.er/archives/mca_preg_compress.so_dU1net7nSj5
A	test.8.er/archives/mca_preg_native.so_dU1net7nSj5
A	test.8.er/archives/mca_preg_raw.so_dU1net7nSj5
A	test.8.er/archives/mca_psec_native.so_dU1net7nSj5
A	test.8.er/archives/mca_psec_none.so_dU1net7nSj5
A	test.8.er/archives/mca_psensor_file.so_dU1net7nSj5
A	test.8.er/archives/mca_psensor_heartbeat.so_dU1net7nSj5
A	test.8.er/archives/mca_pshmem_mmap.so_dU1net7nSj5
A	test.8.er/archives/mca_psquash_flex128.so_dU1net7nSj5
A	test.8.er/archives/mca_psquash_native.so_dU1net7nSj5
A	test.8.er/archives/mca_pstat_linux.so_1fcNkoDIWK0
A	test.8.er/archives/mca_ptl_client.so_dU1net7nSj5
A	test.8.er/archives/mca_ptl_server.so_dU1net7nSj5
A	test.8.er/archives/mca_ptl_tool.so_dU1net7nSj5
A	test.8.er/archives/mca_ras_gridengine.so_1fcNkoDIWK0
A	test.8.er/archives/mca_ras_simulator.so_1fcNkoDIWK0
A	test.8.er/archives/mca_ras_slurm.so_1fcNkoDIWK0
A	test.8.er/archives/mca_rcache_grdma.so_1fcNkoDIWK0
A	test.8.er/archives/mca_reachable_netlink.so_1fcNkoDIWK0
A	test.8.er/archives/mca_reachable_weighted.so_1fcNkoDIWK0
A	test.8.er/archives/mca_regx_fwd.so_1fcNkoDIWK0
A	test.8.er/archives/mca_regx_naive.so_1fcNkoDIWK0
A	test.8.er/archives/mca_regx_reverse.so_1fcNkoDIWK0
A	test.8.er/archives/mca_rmaps_mindist.so_1fcNkoDIWK0
A	test.8.er/archives/mca_rmaps_ppr.so_1fcNkoDIWK0
A	test.8.er/archives/mca_rmaps_rank_file.so_1fcNkoDIWK0
A	test.8.er/archives/mca_rmaps_resilient.so_1fcNkoDIWK0
A	test.8.er/archives/mca_rmaps_round_robin.so_1fcNkoDIWK0
A	test.8.er/archives/mca_rmaps_seq.so_1fcNkoDIWK0
A	test.8.er/archives/mca_rml_oob.so_1fcNkoDIWK0
A	test.8.er/archives/mca_routed_binomial.so_1fcNkoDIWK0
A	test.8.er/archives/mca_routed_direct.so_1fcNkoDIWK0
A	test.8.er/archives/mca_routed_radix.so_1fcNkoDIWK0
A	test.8.er/archives/mca_rtc_hwloc.so_1fcNkoDIWK0
A	test.8.er/archives/mca_schizo_flux.so_1fcNkoDIWK0
A	test.8.er/archives/mca_schizo_jsm.so_1fcNkoDIWK0
A	test.8.er/archives/mca_schizo_ompi.so_1fcNkoDIWK0
A	test.8.er/archives/mca_schizo_orte.so_1fcNkoDIWK0
A	test.8.er/archives/mca_schizo_slurm.so_1fcNkoDIWK0
A	test.8.er/archives/mca_shmem_mmap.so_1fcNkoDIWK0
A	test.8.er/archives/mca_shmem_posix.so_1fcNkoDIWK0
A	test.8.er/archives/mca_shmem_sysv.so_1fcNkoDIWK0
A	test.8.er/archives/mca_state_app.so_1fcNkoDIWK0
A	test.8.er/archives/mca_state_hnp.so_1fcNkoDIWK0
A	test.8.er/archives/mca_state_novm.so_1fcNkoDIWK0
A	test.8.er/archives/mca_state_orted.so_1fcNkoDIWK0
A	test.8.er/archives/mca_state_tool.so_1fcNkoDIWK0
A	test.8.er/archives/mca_vprotocol_pessimist.so_1fcNkoDIWK0
A	test.8.er/archives/orterun_UHyILZt997d
A	test.8.er/data.frameinfo
A	test.8.er/dyntext
A	test.8.er/er_archive.log
A	test.8.er/jclasses
A	test.8.er/log.xml
A	test.8.er/map.xml
A	test.8.er/overview
A	test.8.er/profile

commit 8c49937da6f5677d5d87106b58fd6dbf14c5d223
Author: Chris Ziyi Yao <chris.yao20@imperial.ac.uk>
Date:   Thu Mar 30 17:08:55 2023 +0800

    MPI for arbitrary processes done

M	Comm.cpp
M	Comm.h
M	ShallowWater.cpp

commit 302ef28fad6202aff91086553ca84012af618423
Author: Chris Ziyi Yao <chris.yao20@imperial.ac.uk>
Date:   Thu Mar 30 11:26:20 2023 +0800

    CalcSendParameters for Gatherv and Scatterv

M	Comm.cpp
M	Comm.h
M	ShallowWater.cpp
M	ShallowWater.h

commit c447ce4d85bd3e008e5ea4082bc6de164e68fb51
Author: Chris Ziyi Yao <chris.yao20@imperial.ac.uk>
Date:   Wed Mar 29 15:27:28 2023 +0800

    MPI_Gather() works nowgit status! Only Gatherv() left

M	output.txt

commit 0b2059a4761770bca17edbda51d7e2687cb6090f
Author: Chris Ziyi Yao <chris.yao20@imperial.ac.uk>
Date:   Wed Mar 29 15:12:56 2023 +0800

    np 1 works now

M	ShallowWater.cpp
M	ShallowWater.h

commit 9c800c2053fad72cc0420f37c58ab5e962520fb3
Author: Chris Ziyi Yao <chris.yao20@imperial.ac.uk>
Date:   Wed Mar 29 13:20:40 2023 +0800

    Added communications class. Tested for initial conditions

A	Comm.cpp
A	Comm.h
M	ShallowWater.cpp
M	ShallowWater.h
M	main.cpp
M	output.txt

commit c5bdeb2abe7aecc8b30826832427122301800340
Author: Chris Ziyi Yao <chris.yao20@imperial.ac.uk>
Date:   Wed Mar 29 09:12:34 2023 +0800

    Working dgbmv

M	ShallowWater.cpp
M	output.txt

commit edf4f76ca2ffaf97858999817a0e35e15e270ac6
Author: Chris Ziyi Yao <chris.yao20@imperial.ac.uk>
Date:   Thu Mar 23 00:02:53 2023 +0000

    Somewhat working dgbmv

M	ShallowWater.cpp

commit 0f92d4080927c4c7c6d32ed99f2d327d0abf0d5c
Author: Chris Ziyi Yao <chris.yao20@imperial.ac.uk>
Date:   Wed Mar 22 19:20:17 2023 +0000

    Encapsualated method

M	ShallowWater.cpp
M	ShallowWater.h

commit 8aaed3ce14e18090ae61e8a7074f62ba2e1da682
Author: Chris Ziyi Yao <chris.yao20@imperial.ac.uk>
Date:   Wed Mar 22 18:38:00 2023 +0000

    Simplied Evaluate_f()

M	ShallowWater.cpp
M	ShallowWater.h
A	test.1.er/archives/ld-2.31.so_dnWuQRcLhw9
A	test.1.er/archives/libblas.so.3.9.0_1eKUsC07yK7
A	test.1.er/archives/libboost_program_options.so.1.74.0_dnWuQRcLhw9
A	test.1.er/archives/libc-2.31.so_dnWuQRcLhw9
A	test.1.er/archives/libcollector.so_kN_xj2QRtH5
A	test.1.er/archives/libdl-2.31.so_dnWuQRcLhw9
A	test.1.er/archives/libgcc_s.so.1_dnWuQRcLhw9
A	test.1.er/archives/libm-2.31.so_dnWuQRcLhw9
A	test.1.er/archives/libpthread-2.31.so_dnWuQRcLhw9
A	test.1.er/archives/librt-2.31.so_dnWuQRcLhw9
A	test.1.er/archives/libstdc++.so.6.0.28_dnWuQRcLhw9
A	test.1.er/archives/main_Au3fMPV85Vf
A	test.1.er/data.frameinfo
A	test.1.er/dyntext
A	test.1.er/er_archive.log
A	test.1.er/jclasses
A	test.1.er/log.xml
A	test.1.er/map.xml
A	test.1.er/overview
A	test.1.er/profile
A	test.2.er/archives/ld-2.31.so_dnWuQRcLhw9
A	test.2.er/archives/libblas.so.3.9.0_1eKUsC07yK7
A	test.2.er/archives/libboost_program_options.so.1.74.0_dnWuQRcLhw9
A	test.2.er/archives/libc-2.31.so_dnWuQRcLhw9
A	test.2.er/archives/libcollector.so_kN_xj2QRtH5
A	test.2.er/archives/libdl-2.31.so_dnWuQRcLhw9
A	test.2.er/archives/libgcc_s.so.1_dnWuQRcLhw9
A	test.2.er/archives/libm-2.31.so_dnWuQRcLhw9
A	test.2.er/archives/libpthread-2.31.so_dnWuQRcLhw9
A	test.2.er/archives/librt-2.31.so_dnWuQRcLhw9
A	test.2.er/archives/libstdc++.so.6.0.28_dnWuQRcLhw9
A	test.2.er/archives/main_Au3fMPV85Vf
A	test.2.er/data.frameinfo
A	test.2.er/dyntext
A	test.2.er/er_archive.log
A	test.2.er/jclasses
A	test.2.er/log.xml
A	test.2.er/map.xml
A	test.2.er/overview
A	test.2.er/profile

commit 5dac3932a01d41a75d38f7fe9b892f3c71489896
Author: Chris Ziyi Yao <chris.yao20@imperial.ac.uk>
Date:   Wed Mar 22 17:35:46 2023 +0000

    fixed typose

M	ShallowWater.cpp
M	main.cpp

commit 72587ad5a590d3a40740de317075e5f997ea5f36
Author: Chris Ziyi Yao <chris.yao20@imperial.ac.uk>
Date:   Wed Mar 22 17:29:50 2023 +0000

    Fixed Class command line issues

M	MPI/draft_MPI_v4.cpp
M	ShallowWater.cpp
M	main.cpp

commit 89605e39b57255abb8d4928372c52382cf24d834
Author: Chris Ziyi Yao <chris.yao20@imperial.ac.uk>
Date:   Wed Mar 22 14:36:42 2023 +0000

    Fixed index issue

M	MPI/draft_MPI_v4.cpp

commit 91a4a2b8a53838c2d080979cd7064e890b8f1e52
Author: Chris Ziyi Yao <chris.yao20@imperial.ac.uk>
Date:   Wed Mar 22 12:11:16 2023 +0000

    Finallygit add draft_MPI_v4.cppgit add draft_MPI_v4.cpp Works for n processes

M	MPI/draft_MPI_v4.cpp

commit 8f283035cab1f7b54e469508d1cf1977fabb18a4
Author: Chris Ziyi Yao <chris.yao20@imperial.ac.uk>
Date:   Wed Mar 22 11:44:16 2023 +0000

    Works for np 1 now

M	MPI/draft_MPI_v4.cpp

commit d493bf2e17b44af80d0e11975d11dd11d48c2af5
Author: Chris Ziyi Yao <chris.yao20@imperial.ac.uk>
Date:   Wed Mar 22 10:45:45 2023 +0000

    Save work

M	MPI/draft_MPI_v4.cpp

commit 8d082173ab8277c9c7fcaa9e4061a12ea4ae8816
Author: Chris Ziyi Yao <chris.yao20@imperial.ac.uk>
Date:   Tue Mar 21 22:51:31 2023 +0000

    MPI works for 1 process

M	MPI/draft_MPI_v4.cpp

commit fd6cd8b2b7a30ae13773f2cc34742c0a1ccea5ee
Author: Chris Ziyi Yao <chris.yao20@imperial.ac.uk>
Date:   Tue Mar 21 22:13:17 2023 +0000

    Save work

M	MPI/draft_MPI_v4.cpp

commit 2dae120e818e3ec017612111db362c856e020e8c
Author: Chris Ziyi Yao <chris.yao20@imperial.ac.uk>
Date:   Tue Mar 21 18:18:47 2023 +0000

    New MPI Version... parallelising Element-wise Matrix Operations

M	MPI/draft_MPI_v3.cpp
A	MPI/draft_MPI_v4.cpp

commit 4687ce5fd5f82887168cfb70509b3b2da1a69730
Author: Chris Ziyi Yao <chris.yao20@imperial.ac.uk>
Date:   Tue Mar 21 12:04:35 2023 +0000

    Fixed Indices. Need to checkCollect Results

M	MPI/draft_MPI_v3.cpp

commit ccab2f785a5d4df0c56f08a81e44c7bf4e87f468
Author: Chris Ziyi Yao <chris.yao20@imperial.ac.uk>
Date:   Tue Mar 21 01:04:22 2023 +0000

    Divide process since the initial conditions

M	MPI/draft_MPI_v3.cpp

commit 7276ddf94a1ba276166a6e28bd2edf490ccf516e
Author: Chris Ziyi Yao <chris.yao20@imperial.ac.uk>
Date:   Tue Mar 21 00:28:20 2023 +0000

    Check whether initial values had been assigned properly

M	MPI/draft_MPI_v3.cpp

commit 01069d8fe7fd735025c71a7a7cc0eb0e976cb04c
Author: Chris Ziyi Yao <chris.yao20@imperial.ac.uk>
Date:   Tue Mar 21 00:10:54 2023 +0000

    Evaluate fu and fv work properly

M	MPI/draft_MPI_v3.cpp

commit a9b4aab51c83ad224ec437ed9219b5101775754c
Author: Chris Ziyi Yao <chris.yao20@imperial.ac.uk>
Date:   Mon Mar 20 22:07:44 2023 +0000

    Prints value in output tho, values are wrong

M	MPI/draft_MPI_v3.cpp

commit 76eb39bc4ce686efc0fb1044295d844085a616ea
Author: Chris Ziyi Yao <chris.yao20@imperial.ac.uk>
Date:   Mon Mar 20 18:19:26 2023 +0000

    Fixed index typo

M	MPI/draft_MPI_v3.cpp
M	draft_MPI_v2.cpp

commit 20687ec491c7cad415e94bba0a262408c81150fa
Author: Chris Ziyi Yao <chris.yao20@imperial.ac.uk>
Date:   Mon Mar 20 16:23:56 2023 +0000

    Serial code draft_MPI_v3 with new conventions

M	MPI/draft_MPI_v3.cpp

commit d24786701135154a4475551f1e442acf70bc864f
Author: Chris Ziyi Yao <chris.yao20@imperial.ac.uk>
Date:   Mon Mar 20 16:10:26 2023 +0000

    Clearning things up do not come back to this version

A	MPI/ShallowWater_MPI.cpp
A	MPI/ShallowWater_MPI.h
A	MPI/draft_MPI_v3.cpp
A	MPI/main_MPI.cpp

commit 61521c70aaca577bf95d8cf6aae3480ddc8191bb
Author: Chris Ziyi Yao <chris.yao20@imperial.ac.uk>
Date:   Mon Mar 20 00:28:15 2023 +0000

    Updated Class index conventions

M	ShallowWater.cpp
M	draft_MPI_v2.cpp
M	output.txt

commit 5ec28721c257127cd17de975f98c55b2aa02c0b4
Author: Chris Ziyi Yao <chris.yao20@imperial.ac.uk>
Date:   Sun Mar 19 23:00:58 2023 +0000

    Fixed Index issus

M	draft_MPI_v2.cpp

commit 4d0af9019022a7e03aa4a0a9e5d2703653bc5d5d
Author: Chris Ziyi Yao <chris.yao20@imperial.ac.uk>
Date:   Sun Mar 19 22:59:01 2023 +0000

    Auto save

M	draft_MPI_v2.cpp

commit 90048655bdaf94fe6ac550579ab46ef8dfec3381
Author: Chris Ziyi Yao <chris.yao20@imperial.ac.uk>
Date:   Sun Mar 19 17:32:15 2023 +0000

    Set Initial Condition with Ghost cells should be working. Check MPI_Gatherv()

M	draft.cpp
A	draft_MPI_v2.cpp

commit 1590f2d34eef91e1f6a04e2b769c3f7f5fb71875
Author: Chris Ziyi Yao <chris.yao20@imperial.ac.uk>
Date:   Sat Mar 18 21:13:26 2023 +0000

    Base code for MPI

M	draft_MPI.cpp

commit ccb9ec75bbb727ad8781ac1c4f723aa19070551f
Author: Chris Ziyi Yao <chris.yao20@imperial.ac.uk>
Date:   Sat Mar 18 00:55:13 2023 +0000

    MPI Nested loop and BLAS

M	draft.cpp
A	draft_MPI.cpp

commit 9911f81144b745fa0d9886ba33513664c2b03e48
Author: Chris Ziyi Yao <chris.yao20@imperial.ac.uk>
Date:   Thu Mar 16 21:11:36 2023 +0000

    draft in ColMajor

M	draft.cpp

commit 9cad8fc299deb8db50a7deaae4ab91bcf7533395
Author: Chris Ziyi Yao <chris.yao20@imperial.ac.uk>
Date:   Thu Mar 16 15:11:52 2023 +0000

    Col Major

M	ShallowWater.cpp
M	draft.cpp
M	output.txt

commit a549fe8a17f6229180bce91cbf99d262247365e7
Author: Chris Ziyi Yao <chris.yao20@imperial.ac.uk>
Date:   Wed Mar 15 14:00:01 2023 +0000

    Encapsulated solution fields

M	ShallowWater.cpp
M	output.txt

commit 18ac3c8ccc92c4ed014d10a439000fe71d1e84da
Author: Chris Ziyi Yao <chris.yao20@imperial.ac.uk>
Date:   Wed Mar 15 13:32:58 2023 +0000

    Working class! Need to further encapsulate the solution field

M	ShallowWater.cpp
M	ShallowWater.h
M	main.cpp
M	output.txt

commit 70de5ae2a2bac94ae4f8d4ad5f40aedd62aeb469
Author: Chris Ziyi Yao <chris.yao20@imperial.ac.uk>
Date:   Wed Mar 15 13:05:27 2023 +0000

    Member function SetInitialConditions ok

M	ShallowWater.cpp
M	ShallowWater.h
M	main.cpp
M	output.txt

commit 1929d6073b4470958119c0ba4993d6f961560c20
Author: Chris Ziyi Yao <chris.yao20@imperial.ac.uk>
Date:   Wed Mar 15 12:21:48 2023 +0000

    Encaspulated command line input variables

M	ShallowWater.cpp
M	ShallowWater.h
M	main.cpp
M	output.txt

commit 898112678654aae7b312b17d1ca9ee959e9f3d84
Author: Chris Ziyi Yao <chris.yao20@imperial.ac.uk>
Date:   Tue Mar 14 22:05:59 2023 +0000

    save for now (not entirely working)

M	ShallowWater.h
M	main.cpp
M	output.txt

commit a3f3992ab8685bc0f6221f3e87a9624e2b74a9c6
Author: Chris Ziyi Yao <chris.yao20@imperial.ac.uk>
Date:   Tue Mar 14 17:24:31 2023 +0000

    Successfully read parameters from command line with Class

M	ShallowWater.cpp
M	ShallowWater.h
M	main.cpp

commit 5ff3f2a8fd2cfa0edf0552d08592f63cd88bd0ea
Author: Chris Ziyi Yao <chris.yao20@imperial.ac.uk>
Date:   Tue Mar 14 13:01:36 2023 +0000

    Implemented basic class structures

M	ShallowWater.cpp
M	ShallowWater.h
A	main.cpp
M	repository.log

commit 4b7241f995a979e78db0f2724f67f9686985e424
Author: Chris Ziyi Yao <chris.yao20@imperial.ac.uk>
Date:   Tue Mar 14 11:10:46 2023 +0000

    BLAS version of f evaluations

M	draft.cpp
M	output.txt

commit 520b75203ed49d050abf715cc3e26b78023a390d
Author: Chris Ziyi Yao <cy620@typhoon.ae.ic.ac.uk>
Date:   Mon Mar 13 18:26:34 2023 +0000

    All working now. dt = 0.1s works for all

M	draft.cpp
M	output.txt

commit 0b91ab806a96a526a142fb444527974ab8360e84
Author: Chris Ziyi Yao <cy620@typhoon.ae.ic.ac.uk>
Date:   Mon Mar 13 18:14:10 2023 +0000

    Fixed the wrong fast propagation in x-direction

M	draft.cpp
M	output.txt

commit 4ba2350371242786ae617d49eee43a6eb2a20e0c
Author: Chris Ziyi Yao <cy620@typhoon.ae.ic.ac.uk>
Date:   Mon Mar 13 00:48:40 2023 +0000

    Fixed typo for test case 4

M	draft.cpp
M	output.txt

commit 7c75e07d7dc18732263cf16faf1ccdc4a2119ab0
Author: Chris Ziyi Yao <cy620@typhoon.ae.ic.ac.uk>
Date:   Sun Mar 12 15:25:43 2023 +0000

    Nested Loop Workinggit status!

M	draft.cpp
M	output.txt
M	repository.log

commit 2064e61c8bdd0cd65ab109ec97cebfa3475bb956
Author: Chris Ziyi Yao <cy620@typhoon.ae.ic.ac.uk>
Date:   Sun Mar 12 13:56:05 2023 +0000

    Write to txt; Next step: check spatial discretisations

M	draft.cpp
M	output.txt

commit 410ad5985641aa893234936d2e64d557cbafd470
Author: Chris Ziyi Yao <cy620@typhoon.ae.ic.ac.uk>
Date:   Sat Mar 11 20:51:35 2023 +0000

    Changes for  new assignment document

M	draft.cpp
A	output.txt

commit 63c5c3907f0136ba8595535b372d45989e089936
Author: Chris Ziyi Yao <cy620@spitfire.ae.ic.ac.uk>
Date:   Sat Mar 11 14:58:42 2023 +0000

    Added periodic BC in y-dir

M	draft.cpp

commit 309062b5d9db41705400ff467020c45cd747d7da
Author: Chris Ziyi Yao <cy620@spitfire.ae.ic.ac.uk>
Date:   Fri Mar 10 23:42:21 2023 +0000

    Updated Periodic BC in x-dir

M	draft.cpp
M	repository.log

commit f96ffe49b1b4951fd0c3b0bb4d4d325ec21d29e1
Author: Chris Ziyi Yao <cy620@spitfire.ae.ic.ac.uk>
Date:   Fri Mar 10 22:52:30 2023 +0000

    Wrong staged file, Removed the executable draft

D	draft
M	draft.cpp

commit 9f0a9ebaa35ce2875f779c9352981e19ba813516
Author: Chris Ziyi Yao <cy620@spitfire.ae.ic.ac.uk>
Date:   Fri Mar 10 22:50:05 2023 +0000

    Implemented Time Integrations and generated repository log

A	draft
A	repository.log

commit 4fa17b082c97aac103d53635c728512064275303
Author: Chris Ziyi Yao <cy620@spitfire.ae.ic.ac.uk>
Date:   Fri Mar 10 17:43:16 2023 +0000

    Nested loop to evaluate f

M	draft.cpp

commit 931d7298228df954026538fe6579ad4c5e6053af
Author: Chris Ziyi Yao <cy620@spitfire.ae.ic.ac.uk>
Date:   Tue Mar 7 09:25:01 2023 +0000

    Coded SetInitialConditions

M	ShallowWater.cpp
M	ShallowWater.h
A	draft.cpp
D	main.cpp

commit 1d822b7460dd282b60573c30adc243548f92d70e
Author: Chris Ziyi Yao <cy620@spitfire.ae.ic.ac.uk>
Date:   Sun Feb 26 19:15:34 2023 +0000

    Implemented reading parameters from the command line

A	ShallowWater.cpp
A	ShallowWater.h
A	main.cpp
